Trial 49 finished with value: 0.9725666666666667 and parameters: {'tree_method': 'gpu_hist', 'lambda': 3.302580200159997, 'alpha': 0.20679454765654914, 'colsample_bytree': 0.7896142504801487, 'subsample': 0.7648428323322247, 'learning_rate': 0.06268101994459632, 'max_depth': 3, 'min_child_weight': 15, 'eval_metric': 'logloss'}. Best is trial 18 with value: 0.977.
start listen on 10.110.42.71:45071
@tracker All of 1 nodes getting started
@tracker All nodes finishes job
start listen on 10.110.42.71:43281
@tracker All of 1 nodes getting started
@tracker All nodes finishes job
start listen on 10.110.42.71:40267
@tracker All of 1 nodes getting started
@tracker All nodes finishes job
start listen on 10.110.42.71:44457
@tracker All of 1 nodes getting started
@tracker All nodes finishes job
start listen on 10.110.42.71:46497
@tracker All of 1 nodes getting started
@tracker All nodes finishes job
Trial 50 finished with value: 0.9709166666666667 and parameters: {'tree_method': 'gpu_hist', 'lambda': 0.7212820517462881, 'alpha': 9.377203134023476, 'colsample_bytree': 0.8451341265630337, 'subsample': 0.8039224194583434, 'learning_rate': 0.08550470472027892, 'max_depth': 7, 'min_child_weight': 36, 'eval_metric': 'logloss'}. Best is trial 18 with value: 0.977.
start listen on 10.110.42.71:33015
@tracker All of 1 nodes getting started
@tracker All nodes finishes job
start listen on 10.110.42.71:48737
@tracker All of 1 nodes getting started
@tracker All nodes finishes job
start listen on 10.110.42.71:33065
@tracker All of 1 nodes getting started
@tracker All nodes finishes job
start listen on 10.110.42.71:48231
@tracker All of 1 nodes getting started
@tracker All nodes finishes job
start listen on 10.110.42.71:46691
@tracker All of 1 nodes getting started
@tracker All nodes finishes job
Trial 51 finished with value: 0.9496333333333333 and parameters: {'tree_method': 'gpu_hist', 'lambda': 6.046087966331922, 'alpha': 0.6236249305142937, 'colsample_bytree': 0.9276717851132138, 'subsample': 0.6487099617932334, 'learning_rate': 0.04863530990911529, 'max_depth': 11, 'min_child_weight': 197, 'eval_metric': 'logloss'}. Best is trial 18 with value: 0.977.
start listen on 10.110.42.71:34907
@tracker All of 1 nodes getting started
@tracker All nodes finishes job
start listen on 10.110.42.71:37089
@tracker All of 1 nodes getting started
@tracker All nodes finishes job
start listen on 10.110.42.71:39521
@tracker All of 1 nodes getting started
@tracker All nodes finishes job
start listen on 10.110.42.71:45901
@tracker All of 1 nodes getting started
@tracker All nodes finishes job
start listen on 10.110.42.71:51125
@tracker All of 1 nodes getting started
@tracker All nodes finishes job
Trial 52 finished with value: 0.9708 and parameters: {'tree_method': 'gpu_hist', 'lambda': 1.1817152002588323, 'alpha': 0.41426493341595705, 'colsample_bytree': 0.594096450961611, 'subsample': 0.7346668132674392, 'learning_rate': 0.07851233041745444, 'max_depth': 17, 'min_child_weight': 61, 'eval_metric': 'logloss'}. Best is trial 18 with value: 0.977.
start listen on 10.110.42.71:49377
@tracker All of 1 nodes getting started
@tracker All nodes finishes job
start listen on 10.110.42.71:37637
@tracker All of 1 nodes getting started
@tracker All nodes finishes job
start listen on 10.110.42.71:53293
@tracker All of 1 nodes getting started
@tracker All nodes finishes job
start listen on 10.110.42.71:47501
@tracker All of 1 nodes getting started
@tracker All nodes finishes job
start listen on 10.110.42.71:38889
@tracker All of 1 nodes getting started
@tracker All nodes finishes job
Trial 53 finished with value: 0.9752 and parameters: {'tree_method': 'gpu_hist', 'lambda': 0.037275233371797084, 'alpha': 1.4221114928268028, 'colsample_bytree': 0.47329794021697463, 'subsample': 0.5907412964440688, 'learning_rate': 0.019669325203346775, 'max_depth': 13, 'min_child_weight': 7, 'eval_metric': 'logloss'}. Best is trial 18 with value: 0.977.
start listen on 10.110.42.71:46689
@tracker All of 1 nodes getting started
@tracker All nodes finishes job
start listen on 10.110.42.71:40317
@tracker All of 1 nodes getting started
@tracker All nodes finishes job
start listen on 10.110.42.71:35287
@tracker All of 1 nodes getting started
@tracker All nodes finishes job
start listen on 10.110.42.71:49363
@tracker All of 1 nodes getting started
@tracker All nodes finishes job
start listen on 10.110.42.71:57673
@tracker All of 1 nodes getting started
@tracker All nodes finishes job
Trial 54 finished with value: 0.9687 and parameters: {'tree_method': 'gpu_hist', 'lambda': 2.1643348148228454, 'alpha': 3.8038991419892896, 'colsample_bytree': 0.7258113233135034, 'subsample': 0.674100216879757, 'learning_rate': 0.0977172647471911, 'max_depth': 7, 'min_child_weight': 71, 'eval_metric': 'logloss'}. Best is trial 18 with value: 0.977.
start listen on 10.110.42.71:42331
@tracker All of 1 nodes getting started
@tracker All nodes finishes job
start listen on 10.110.42.71:35457
@tracker All of 1 nodes getting started
@tracker All nodes finishes job
start listen on 10.110.42.71:47381
@tracker All of 1 nodes getting started
@tracker All nodes finishes job
start listen on 10.110.42.71:43487
@tracker All of 1 nodes getting started
@tracker All nodes finishes job
start listen on 10.110.42.71:51835
@tracker All of 1 nodes getting started
@tracker All nodes finishes job
Trial 55 finished with value: 0.966 and parameters: {'tree_method': 'gpu_hist', 'lambda': 6.809822547911383, 'alpha': 7.030770122104714, 'colsample_bytree': 0.7654299768535658, 'subsample': 0.5400306454681397, 'learning_rate': 0.035320256185315924, 'max_depth': 5, 'min_child_weight': 44, 'eval_metric': 'logloss'}. Best is trial 18 with value: 0.977.
start listen on 10.110.42.71:58537
@tracker All of 1 nodes getting started
@tracker All nodes finishes job
start listen on 10.110.42.71:35067
@tracker All of 1 nodes getting started
@tracker All nodes finishes job
start listen on 10.110.42.71:52621
@tracker All of 1 nodes getting started
@tracker All nodes finishes job
start listen on 10.110.42.71:51695
@tracker All of 1 nodes getting started
@tracker All nodes finishes job
start listen on 10.110.42.71:52331
@tracker All of 1 nodes getting started
@tracker All nodes finishes job
Trial 56 finished with value: 0.9764166666666667 and parameters: {'tree_method': 'gpu_hist', 'lambda': 0.7184654102441115, 'alpha': 0.6044124594764952, 'colsample_bytree': 0.8023445083799715, 'subsample': 0.7760054114286182, 'learning_rate': 0.05414875759859029, 'max_depth': 7, 'min_child_weight': 16, 'eval_metric': 'logloss'}. Best is trial 18 with value: 0.977.
start listen on 10.110.42.71:56269
@tracker All of 1 nodes getting started
@tracker All nodes finishes job
start listen on 10.110.42.71:56643
@tracker All of 1 nodes getting started
@tracker All nodes finishes job
start listen on 10.110.42.71:45935
@tracker All of 1 nodes getting started
@tracker All nodes finishes job
start listen on 10.110.42.71:46541
@tracker All of 1 nodes getting started
@tracker All nodes finishes job
start listen on 10.110.42.71:59101
@tracker All of 1 nodes getting started
@tracker All nodes finishes job
Trial 57 finished with value: 0.9761666666666666 and parameters: {'tree_method': 'gpu_hist', 'lambda': 3.4808757628401983, 'alpha': 0.7047517912512323, 'colsample_bytree': 0.8027315889042158, 'subsample': 0.7821323261657871, 'learning_rate': 0.04131906587821516, 'max_depth': 7, 'min_child_weight': 13, 'eval_metric': 'logloss'}. Best is trial 18 with value: 0.977.
start listen on 10.110.42.71:44649
@tracker All of 1 nodes getting started
@tracker All nodes finishes job
start listen on 10.110.42.71:35115
@tracker All of 1 nodes getting started
@tracker All nodes finishes job
start listen on 10.110.42.71:51229
@tracker All of 1 nodes getting started
@tracker All nodes finishes job
start listen on 10.110.42.71:51459
@tracker All of 1 nodes getting started
@tracker All nodes finishes job
start listen on 10.110.42.71:50035
@tracker All of 1 nodes getting started
@tracker All nodes finishes job
Trial 58 finished with value: 0.9736333333333334 and parameters: {'tree_method': 'gpu_hist', 'lambda': 1.9125347135078403, 'alpha': 1.1475790750263934, 'colsample_bytree': 0.8563111960830792, 'subsample': 0.8395724810759659, 'learning_rate': 0.029309762642669837, 'max_depth': 7, 'min_child_weight': 26, 'eval_metric': 'logloss'}. Best is trial 18 with value: 0.977.
start listen on 10.110.42.71:51081
@tracker All of 1 nodes getting started
@tracker All nodes finishes job
start listen on 10.110.42.71:35141
@tracker All of 1 nodes getting started
@tracker All nodes finishes job
start listen on 10.110.42.71:40131
@tracker All of 1 nodes getting started
@tracker All nodes finishes job
start listen on 10.110.42.71:42317
@tracker All of 1 nodes getting started
@tracker All nodes finishes job
start listen on 10.110.42.71:51727
@tracker All of 1 nodes getting started
@tracker All nodes finishes job
Trial 59 finished with value: 0.9745333333333334 and parameters: {'tree_method': 'gpu_hist', 'lambda': 0.6831067272366358, 'alpha': 1.8580914153873973, 'colsample_bytree': 0.7038063456752768, 'subsample': 0.757149640426491, 'learning_rate': 0.052872943539509276, 'max_depth': 20, 'min_child_weight': 1, 'eval_metric': 'logloss'}. Best is trial 18 with value: 0.977.
start listen on 10.110.42.71:45113
@tracker All of 1 nodes getting started
@tracker All nodes finishes job
start listen on 10.110.42.71:50193
@tracker All of 1 nodes getting started
@tracker All nodes finishes job
start listen on 10.110.42.71:51515
@tracker All of 1 nodes getting started
@tracker All nodes finishes job
start listen on 10.110.42.71:33901
@tracker All of 1 nodes getting started
@tracker All nodes finishes job
start listen on 10.110.42.71:44847
@tracker All of 1 nodes getting started
@tracker All nodes finishes job
Trial 60 finished with value: 0.97325 and parameters: {'tree_method': 'gpu_hist', 'lambda': 1.2741104550713342, 'alpha': 0.0011220218247879504, 'colsample_bytree': 0.8254471489106998, 'subsample': 0.713925888435584, 'learning_rate': 0.07038195644140009, 'max_depth': 9, 'min_child_weight': 36, 'eval_metric': 'logloss'}. Best is trial 18 with value: 0.977.
start listen on 10.110.42.71:51389
@tracker All of 1 nodes getting started
@tracker All nodes finishes job
start listen on 10.110.42.71:47277
@tracker All of 1 nodes getting started
@tracker All nodes finishes job
start listen on 10.110.42.71:39877
@tracker All of 1 nodes getting started
@tracker All nodes finishes job
start listen on 10.110.42.71:33187
@tracker All of 1 nodes getting started
@tracker All nodes finishes job
start listen on 10.110.42.71:58537
@tracker All of 1 nodes getting started
@tracker All nodes finishes job
Trial 61 finished with value: 0.9749666666666666 and parameters: {'tree_method': 'gpu_hist', 'lambda': 0.42540894386792694, 'alpha': 2.829033637707121, 'colsample_bytree': 0.7786866853012899, 'subsample': 0.8687642357037885, 'learning_rate': 0.043845532665564735, 'max_depth': 5, 'min_child_weight': 16, 'eval_metric': 'logloss'}. Best is trial 18 with value: 0.977.
start listen on 10.110.42.71:37609
@tracker All of 1 nodes getting started
@tracker All nodes finishes job
start listen on 10.110.42.71:50383
@tracker All of 1 nodes getting started
@tracker All nodes finishes job
start listen on 10.110.42.71:45161
@tracker All of 1 nodes getting started
@tracker All nodes finishes job
start listen on 10.110.42.71:39319
@tracker All of 1 nodes getting started
@tracker All nodes finishes job
start listen on 10.110.42.71:34507
@tracker All of 1 nodes getting started
@tracker All nodes finishes job
Trial 62 finished with value: 0.9756 and parameters: {'tree_method': 'gpu_hist', 'lambda': 0.17138679331755094, 'alpha': 0.04284377379677389, 'colsample_bytree': 0.390450412577335, 'subsample': 0.6953397378806648, 'learning_rate': 0.059691369058871464, 'max_depth': 11, 'min_child_weight': 25, 'eval_metric': 'logloss'}. Best is trial 18 with value: 0.977.
start listen on 10.110.42.71:43511
@tracker All of 1 nodes getting started
@tracker All nodes finishes job
start listen on 10.110.42.71:34699
@tracker All of 1 nodes getting started
@tracker All nodes finishes job
start listen on 10.110.42.71:34025
@tracker All of 1 nodes getting started
@tracker All nodes finishes job
start listen on 10.110.42.71:40801
@tracker All of 1 nodes getting started
@tracker All nodes finishes job
start listen on 10.110.42.71:36261
@tracker All of 1 nodes getting started
@tracker All nodes finishes job
Trial 63 finished with value: 0.90805 and parameters: {'tree_method': 'gpu_hist', 'lambda': 3.314412134178564, 'alpha': 0.2485988542291646, 'colsample_bytree': 0.6530749270714654, 'subsample': 0.8105462571298897, 'learning_rate': 0.002732413406760722, 'max_depth': 7, 'min_child_weight': 153, 'eval_metric': 'logloss'}. Best is trial 18 with value: 0.977.
start listen on 10.110.42.71:35539
@tracker All of 1 nodes getting started
@tracker All nodes finishes job
start listen on 10.110.42.71:39089
@tracker All of 1 nodes getting started
@tracker All nodes finishes job
start listen on 10.110.42.71:35591
@tracker All of 1 nodes getting started
@tracker All nodes finishes job
start listen on 10.110.42.71:54425
@tracker All of 1 nodes getting started
@tracker All nodes finishes job
start listen on 10.110.42.71:38239
@tracker All of 1 nodes getting started
@tracker All nodes finishes job
Trial 64 finished with value: 0.93405 and parameters: {'tree_method': 'gpu_hist', 'lambda': 9.978262849485485, 'alpha': 0.37963050450000685, 'colsample_bytree': 0.8808834301047641, 'subsample': 0.654485224140275, 'learning_rate': 0.023785583113292805, 'max_depth': 3, 'min_child_weight': 244, 'eval_metric': 'logloss'}. Best is trial 18 with value: 0.977.
start listen on 10.110.42.71:57833
@tracker All of 1 nodes getting started
@tracker All nodes finishes job
start listen on 10.110.42.71:35673
@tracker All of 1 nodes getting started
@tracker All nodes finishes job
start listen on 10.110.42.71:42179
@tracker All of 1 nodes getting started
@tracker All nodes finishes job
start listen on 10.110.42.71:47923
@tracker All of 1 nodes getting started
@tracker All nodes finishes job
start listen on 10.110.42.71:36503
@tracker All of 1 nodes getting started
@tracker All nodes finishes job
Trial 65 finished with value: 0.97535 and parameters: {'tree_method': 'gpu_hist', 'lambda': 0.9593048886766884, 'alpha': 0.14128447240994427, 'colsample_bytree': 0.5348288341608527, 'subsample': 0.7936614267097414, 'learning_rate': 0.016762944541576893, 'max_depth': 15, 'min_child_weight': 10, 'eval_metric': 'logloss'}. Best is trial 18 with value: 0.977.
start listen on 10.110.42.71:60985
@tracker All of 1 nodes getting started
@tracker All nodes finishes job
start listen on 10.110.42.71:36863
@tracker All of 1 nodes getting started
@tracker All nodes finishes job
start listen on 10.110.42.71:35101
@tracker All of 1 nodes getting started
@tracker All nodes finishes job
start listen on 10.110.42.71:55805
@tracker All of 1 nodes getting started
@tracker All nodes finishes job
start listen on 10.110.42.71:51089
@tracker All of 1 nodes getting started
@tracker All nodes finishes job
Trial 66 finished with value: 0.9763 and parameters: {'tree_method': 'gpu_hist', 'lambda': 3.861497037849072, 'alpha': 0.9160405550367934, 'colsample_bytree': 0.6801045503900168, 'subsample': 0.7705784099046613, 'learning_rate': 0.037920697112607996, 'max_depth': 7, 'min_child_weight': 11, 'eval_metric': 'logloss'}. Best is trial 18 with value: 0.977.
start listen on 10.110.42.71:58557
@tracker All of 1 nodes getting started
@tracker All nodes finishes job
start listen on 10.110.42.71:34975
@tracker All of 1 nodes getting started
@tracker All nodes finishes job
start listen on 10.110.42.71:44943
@tracker All of 1 nodes getting started
@tracker All nodes finishes job
start listen on 10.110.42.71:33715
@tracker All of 1 nodes getting started
@tracker All nodes finishes job
start listen on 10.110.42.71:57039
@tracker All of 1 nodes getting started
@tracker All nodes finishes job
Trial 67 finished with value: 0.9723 and parameters: {'tree_method': 'gpu_hist', 'lambda': 2.7282845716013044, 'alpha': 0.7964547072007906, 'colsample_bytree': 0.6703051809003759, 'subsample': 0.7442367671220835, 'learning_rate': 0.03653599429287849, 'max_depth': 7, 'min_child_weight': 40, 'eval_metric': 'logloss'}. Best is trial 18 with value: 0.977.
start listen on 10.110.42.71:55851
@tracker All of 1 nodes getting started
@tracker All nodes finishes job
start listen on 10.110.42.71:35745
@tracker All of 1 nodes getting started
@tracker All nodes finishes job
start listen on 10.110.42.71:37839
@tracker All of 1 nodes getting started
@tracker All nodes finishes job
start listen on 10.110.42.71:41373
@tracker All of 1 nodes getting started
@tracker All nodes finishes job
start listen on 10.110.42.71:42903
@tracker All of 1 nodes getting started
@tracker All nodes finishes job
Trial 68 finished with value: 0.9760666666666666 and parameters: {'tree_method': 'gpu_hist', 'lambda': 4.331945467571358, 'alpha': 1.23689654979639, 'colsample_bytree': 0.6854576443171736, 'subsample': 0.7729499643853865, 'learning_rate': 0.03106466306568237, 'max_depth': 7, 'min_child_weight': 8, 'eval_metric': 'logloss'}. Best is trial 18 with value: 0.977.
start listen on 10.110.42.71:54439
@tracker All of 1 nodes getting started
@tracker All nodes finishes job
start listen on 10.110.42.71:46399
@tracker All of 1 nodes getting started
@tracker All nodes finishes job
start listen on 10.110.42.71:34611
@tracker All of 1 nodes getting started
@tracker All nodes finishes job
start listen on 10.110.42.71:46403
@tracker All of 1 nodes getting started
@tracker All nodes finishes job
start listen on 10.110.42.71:60665
@tracker All of 1 nodes getting started
@tracker All nodes finishes job
Trial 69 finished with value: 0.9751 and parameters: {'tree_method': 'gpu_hist', 'lambda': 7.320174901467025, 'alpha': 0.5882274446353112, 'colsample_bytree': 0.6309602524893189, 'subsample': 0.7277754850056144, 'learning_rate': 0.0472474372613931, 'max_depth': 7, 'min_child_weight': 23, 'eval_metric': 'logloss'}. Best is trial 18 with value: 0.977.
start listen on 10.110.42.71:40991
@tracker All of 1 nodes getting started
@tracker All nodes finishes job
start listen on 10.110.42.71:46671
@tracker All of 1 nodes getting started
@tracker All nodes finishes job
start listen on 10.110.42.71:50445
@tracker All of 1 nodes getting started
@tracker All nodes finishes job
start listen on 10.110.42.71:48349
@tracker All of 1 nodes getting started
@tracker All nodes finishes job
start listen on 10.110.42.71:52033
@tracker All of 1 nodes getting started
@tracker All nodes finishes job
Trial 70 finished with value: 0.97305 and parameters: {'tree_method': 'gpu_hist', 'lambda': 1.8997734208418409, 'alpha': 1.9883071501329699, 'colsample_bytree': 0.7267216900920753, 'subsample': 0.9740919044811467, 'learning_rate': 0.060575220108302484, 'max_depth': 17, 'min_child_weight': 48, 'eval_metric': 'logloss'}. Best is trial 18 with value: 0.977.
start listen on 10.110.42.71:51645
@tracker All of 1 nodes getting started
@tracker All nodes finishes job
start listen on 10.110.42.71:43879
@tracker All of 1 nodes getting started
@tracker All nodes finishes job
start listen on 10.110.42.71:35673
@tracker All of 1 nodes getting started
@tracker All nodes finishes job
start listen on 10.110.42.71:35869
@tracker All of 1 nodes getting started
@tracker All nodes finishes job
start listen on 10.110.42.71:39713
@tracker All of 1 nodes getting started
@tracker All nodes finishes job
Trial 71 finished with value: 0.9747166666666667 and parameters: {'tree_method': 'gpu_hist', 'lambda': 4.944168445440249, 'alpha': 0.43469286811313246, 'colsample_bytree': 0.8174245969257579, 'subsample': 0.8194007703026934, 'learning_rate': 0.07816203756515926, 'max_depth': 5, 'min_child_weight': 32, 'eval_metric': 'logloss'}. Best is trial 18 with value: 0.977.
start listen on 10.110.42.71:33189
@tracker All of 1 nodes getting started
@tracker All nodes finishes job
start listen on 10.110.42.71:38171
@tracker All of 1 nodes getting started
@tracker All nodes finishes job
start listen on 10.110.42.71:58869
@tracker All of 1 nodes getting started
@tracker All nodes finishes job
start listen on 10.110.42.71:50687
@tracker All of 1 nodes getting started
@tracker All nodes finishes job
start listen on 10.110.42.71:40337
@tracker All of 1 nodes getting started
@tracker All nodes finishes job
Trial 72 finished with value: 0.9462 and parameters: {'tree_method': 'gpu_hist', 'lambda': 2.844782385563283, 'alpha': 0.8511366065792525, 'colsample_bytree': 0.764417862276359, 'subsample': 0.922521992911814, 'learning_rate': 0.008179520287372104, 'max_depth': 13, 'min_child_weight': 135, 'eval_metric': 'logloss'}. Best is trial 18 with value: 0.977.
start listen on 10.110.42.71:41983
@tracker All of 1 nodes getting started
@tracker All nodes finishes job
start listen on 10.110.42.71:59735
@tracker All of 1 nodes getting started
@tracker All nodes finishes job
start listen on 10.110.42.71:42097
@tracker All of 1 nodes getting started
@tracker All nodes finishes job
start listen on 10.110.42.71:42085
@tracker All of 1 nodes getting started
@tracker All nodes finishes job
start listen on 10.110.42.71:57679
@tracker All of 1 nodes getting started
@tracker All nodes finishes job
