Trial 73 finished with value: 0.9769666666666666 and parameters: {'tree_method': 'gpu_hist', 'lambda': 0.5905833613348982, 'alpha': 1.1527137903280942, 'colsample_bytree': 0.5727735361543991, 'subsample': 0.6280267556971241, 'learning_rate': 0.049958628162524624, 'max_depth': 7, 'min_child_weight': 9, 'eval_metric': 'logloss'}. Best is trial 18 with value: 0.977.
start listen on 10.110.42.71:50385
@tracker All of 1 nodes getting started
@tracker All nodes finishes job
start listen on 10.110.42.71:35509
@tracker All of 1 nodes getting started
@tracker All nodes finishes job
start listen on 10.110.42.71:53665
@tracker All of 1 nodes getting started
@tracker All nodes finishes job
start listen on 10.110.42.71:47179
@tracker All of 1 nodes getting started
@tracker All nodes finishes job
start listen on 10.110.42.71:50365
@tracker All of 1 nodes getting started
@tracker All nodes finishes job
Trial 74 finished with value: 0.9348333333333333 and parameters: {'tree_method': 'gpu_hist', 'lambda': 0.6478822487288679, 'alpha': 1.6463014825053095, 'colsample_bytree': 0.5407551783915564, 'subsample': 0.6274652517374689, 'learning_rate': 0.04970563498217572, 'max_depth': 7, 'min_child_weight': 300, 'eval_metric': 'logloss'}. Best is trial 18 with value: 0.977.
start listen on 10.110.42.71:39445
@tracker All of 1 nodes getting started
@tracker All nodes finishes job
start listen on 10.110.42.71:52579
@tracker All of 1 nodes getting started
@tracker All nodes finishes job
start listen on 10.110.42.71:44491
@tracker All of 1 nodes getting started
@tracker All nodes finishes job
start listen on 10.110.42.71:45051
@tracker All of 1 nodes getting started
@tracker All nodes finishes job
start listen on 10.110.42.71:42269
@tracker All of 1 nodes getting started
@tracker All nodes finishes job
Trial 75 finished with value: 0.97105 and parameters: {'tree_method': 'gpu_hist', 'lambda': 0.3405175196286967, 'alpha': 3.7809924708922464, 'colsample_bytree': 0.579339252622892, 'subsample': 0.6893664615919153, 'learning_rate': 0.07524208605203991, 'max_depth': 7, 'min_child_weight': 54, 'eval_metric': 'logloss'}. Best is trial 18 with value: 0.977.
start listen on 10.110.42.71:40999
@tracker All of 1 nodes getting started
@tracker All nodes finishes job
start listen on 10.110.42.71:60463
@tracker All of 1 nodes getting started
@tracker All nodes finishes job
start listen on 10.110.42.71:47453
@tracker All of 1 nodes getting started
@tracker All nodes finishes job
start listen on 10.110.42.71:52413
@tracker All of 1 nodes getting started
@tracker All nodes finishes job
start listen on 10.110.42.71:50519
@tracker All of 1 nodes getting started
@tracker All nodes finishes job
Trial 76 finished with value: 0.9754166666666667 and parameters: {'tree_method': 'gpu_hist', 'lambda': 1.6048153380999806, 'alpha': 1.072060686579586, 'colsample_bytree': 0.48545644079596995, 'subsample': 0.6705141818987124, 'learning_rate': 0.041273166569384984, 'max_depth': 7, 'min_child_weight': 18, 'eval_metric': 'logloss'}. Best is trial 18 with value: 0.977.
start listen on 10.110.42.71:50653
@tracker All of 1 nodes getting started
@tracker All nodes finishes job
start listen on 10.110.42.71:40677
@tracker All of 1 nodes getting started
@tracker All nodes finishes job
start listen on 10.110.42.71:51001
@tracker All of 1 nodes getting started
@tracker All nodes finishes job
start listen on 10.110.42.71:39455
@tracker All of 1 nodes getting started
@tracker All nodes finishes job
start listen on 10.110.42.71:50803
@tracker All of 1 nodes getting started
@tracker All nodes finishes job
Trial 77 finished with value: 0.9755 and parameters: {'tree_method': 'gpu_hist', 'lambda': 0.16611894008056666, 'alpha': 2.713578375986063, 'colsample_bytree': 0.4561001485256966, 'subsample': 0.7105930467840846, 'learning_rate': 0.06290202719692391, 'max_depth': 7, 'min_child_weight': 1, 'eval_metric': 'logloss'}. Best is trial 18 with value: 0.977.
start listen on 10.110.42.71:50629
@tracker All of 1 nodes getting started
@tracker All nodes finishes job
start listen on 10.110.42.71:40751
@tracker All of 1 nodes getting started
@tracker All nodes finishes job
start listen on 10.110.42.71:43141
@tracker All of 1 nodes getting started
@tracker All nodes finishes job
start listen on 10.110.42.71:58829
@tracker All of 1 nodes getting started
@tracker All nodes finishes job
start listen on 10.110.42.71:53231
@tracker All of 1 nodes getting started
@tracker All nodes finishes job
Trial 78 finished with value: 0.9762166666666666 and parameters: {'tree_method': 'gpu_hist', 'lambda': 1.1189274514180862, 'alpha': 0.582646855731198, 'colsample_bytree': 0.5102128978067568, 'subsample': 0.6089767851735017, 'learning_rate': 0.0346328421143228, 'max_depth': 7, 'min_child_weight': 11, 'eval_metric': 'logloss'}. Best is trial 18 with value: 0.977.
start listen on 10.110.42.71:35119
@tracker All of 1 nodes getting started
@tracker All nodes finishes job
start listen on 10.110.42.71:60073
@tracker All of 1 nodes getting started
@tracker All nodes finishes job
start listen on 10.110.42.71:56335
@tracker All of 1 nodes getting started
@tracker All nodes finishes job
start listen on 10.110.42.71:59207
@tracker All of 1 nodes getting started
@tracker All nodes finishes job
start listen on 10.110.42.71:38187
@tracker All of 1 nodes getting started
@tracker All nodes finishes job
Trial 79 finished with value: 0.9742333333333333 and parameters: {'tree_method': 'gpu_hist', 'lambda': 0.7966218971036072, 'alpha': 0.5314543048751955, 'colsample_bytree': 0.527432537186832, 'subsample': 0.6110047238903665, 'learning_rate': 0.03481559143635375, 'max_depth': 7, 'min_child_weight': 22, 'eval_metric': 'logloss'}. Best is trial 18 with value: 0.977.
start listen on 10.110.42.71:51141
@tracker All of 1 nodes getting started
@tracker All nodes finishes job
start listen on 10.110.42.71:34775
@tracker All of 1 nodes getting started
@tracker All nodes finishes job
start listen on 10.110.42.71:42223
@tracker All of 1 nodes getting started
@tracker All nodes finishes job
start listen on 10.110.42.71:42915
@tracker All of 1 nodes getting started
@tracker All nodes finishes job
start listen on 10.110.42.71:53429
@tracker All of 1 nodes getting started
@tracker All nodes finishes job
Trial 80 finished with value: 0.97605 and parameters: {'tree_method': 'gpu_hist', 'lambda': 1.1895132716778298, 'alpha': 0.6822382054167354, 'colsample_bytree': 0.5694160653732192, 'subsample': 0.45628263135337477, 'learning_rate': 0.08960366004686926, 'max_depth': 7, 'min_child_weight': 9, 'eval_metric': 'logloss'}. Best is trial 18 with value: 0.977.
start listen on 10.110.42.71:52937
@tracker All of 1 nodes getting started
@tracker All nodes finishes job
start listen on 10.110.42.71:51359
@tracker All of 1 nodes getting started
@tracker All nodes finishes job
start listen on 10.110.42.71:54605
@tracker All of 1 nodes getting started
@tracker All nodes finishes job
start listen on 10.110.42.71:34683
@tracker All of 1 nodes getting started
@tracker All nodes finishes job
start listen on 10.110.42.71:48663
@tracker All of 1 nodes getting started
@tracker All nodes finishes job
Trial 81 finished with value: 0.9717333333333333 and parameters: {'tree_method': 'gpu_hist', 'lambda': 0.9099373108455104, 'alpha': 0.3356415433985851, 'colsample_bytree': 0.42963936009365683, 'subsample': 0.5463495031809534, 'learning_rate': 0.029211700186254935, 'max_depth': 7, 'min_child_weight': 31, 'eval_metric': 'logloss'}. Best is trial 18 with value: 0.977.
start listen on 10.110.42.71:48551
@tracker All of 1 nodes getting started
@tracker All nodes finishes job
start listen on 10.110.42.71:40149
@tracker All of 1 nodes getting started
@tracker All nodes finishes job
start listen on 10.110.42.71:58001
@tracker All of 1 nodes getting started
@tracker All nodes finishes job
start listen on 10.110.42.71:51601
@tracker All of 1 nodes getting started
@tracker All nodes finishes job
start listen on 10.110.42.71:44127
@tracker All of 1 nodes getting started
@tracker All nodes finishes job
Trial 82 finished with value: 0.9766333333333334 and parameters: {'tree_method': 'gpu_hist', 'lambda': 0.5995914913600346, 'alpha': 0.2446149389150932, 'colsample_bytree': 0.5088261257471951, 'subsample': 0.6342246493368999, 'learning_rate': 0.05799585570450744, 'max_depth': 7, 'min_child_weight': 12, 'eval_metric': 'logloss'}. Best is trial 18 with value: 0.977.
start listen on 10.110.42.71:51803
@tracker All of 1 nodes getting started
@tracker All nodes finishes job
start listen on 10.110.42.71:45919
@tracker All of 1 nodes getting started
@tracker All nodes finishes job
start listen on 10.110.42.71:59539
@tracker All of 1 nodes getting started
@tracker All nodes finishes job
start listen on 10.110.42.71:56167
@tracker All of 1 nodes getting started
@tracker All nodes finishes job
start listen on 10.110.42.71:54265
@tracker All of 1 nodes getting started
@tracker All nodes finishes job
Trial 83 finished with value: 0.9724166666666667 and parameters: {'tree_method': 'gpu_hist', 'lambda': 0.5705015284219153, 'alpha': 0.19855200870072384, 'colsample_bytree': 0.5963512701716409, 'subsample': 0.6348301354153756, 'learning_rate': 0.05583117624806307, 'max_depth': 20, 'min_child_weight': 42, 'eval_metric': 'logloss'}. Best is trial 18 with value: 0.977.
start listen on 10.110.42.71:41977
@tracker All of 1 nodes getting started
@tracker All nodes finishes job
start listen on 10.110.42.71:42613
@tracker All of 1 nodes getting started
@tracker All nodes finishes job
start listen on 10.110.42.71:47863
@tracker All of 1 nodes getting started
@tracker All nodes finishes job
start listen on 10.110.42.71:59431
@tracker All of 1 nodes getting started
@tracker All nodes finishes job
start listen on 10.110.42.71:36523
@tracker All of 1 nodes getting started
@tracker All nodes finishes job
Trial 84 finished with value: 0.9747333333333333 and parameters: {'tree_method': 'gpu_hist', 'lambda': 0.33137417874134784, 'alpha': 0.25960329379211816, 'colsample_bytree': 0.5107928653904285, 'subsample': 0.5822490357549179, 'learning_rate': 0.04878103730137575, 'max_depth': 5, 'min_child_weight': 19, 'eval_metric': 'logloss'}. Best is trial 18 with value: 0.977.
start listen on 10.110.42.71:39249
@tracker All of 1 nodes getting started
@tracker All nodes finishes job
start listen on 10.110.42.71:48561
@tracker All of 1 nodes getting started
@tracker All nodes finishes job
start listen on 10.110.42.71:36369
@tracker All of 1 nodes getting started
@tracker All nodes finishes job
start listen on 10.110.42.71:39253
@tracker All of 1 nodes getting started
@tracker All nodes finishes job
start listen on 10.110.42.71:36019
@tracker All of 1 nodes getting started
@tracker All nodes finishes job
Trial 85 finished with value: 0.9564166666666667 and parameters: {'tree_method': 'gpu_hist', 'lambda': 0.19312156169005948, 'alpha': 0.13448296505126123, 'colsample_bytree': 0.547576661065045, 'subsample': 0.6680773239278822, 'learning_rate': 0.06573767335120861, 'max_depth': 7, 'min_child_weight': 164, 'eval_metric': 'logloss'}. Best is trial 18 with value: 0.977.
start listen on 10.110.42.71:55577
@tracker All of 1 nodes getting started
@tracker All nodes finishes job
start listen on 10.110.42.71:54169
@tracker All of 1 nodes getting started
@tracker All nodes finishes job
start listen on 10.110.42.71:56029
@tracker All of 1 nodes getting started
@tracker All nodes finishes job
start listen on 10.110.42.71:48595
@tracker All of 1 nodes getting started
@tracker All nodes finishes job
start listen on 10.110.42.71:33477
@tracker All of 1 nodes getting started
@tracker All nodes finishes job
Trial 86 finished with value: 0.9762833333333333 and parameters: {'tree_method': 'gpu_hist', 'lambda': 0.4184708554352333, 'alpha': 0.9569743572072327, 'colsample_bytree': 0.5068561220813906, 'subsample': 0.6059233034327512, 'learning_rate': 0.03881514506559271, 'max_depth': 7, 'min_child_weight': 11, 'eval_metric': 'logloss'}. Best is trial 18 with value: 0.977.
start listen on 10.110.42.71:52713
@tracker All of 1 nodes getting started
@tracker All nodes finishes job
start listen on 10.110.42.71:40455
@tracker All of 1 nodes getting started
@tracker All nodes finishes job
start listen on 10.110.42.71:41621
@tracker All of 1 nodes getting started
@tracker All nodes finishes job
start listen on 10.110.42.71:36693
@tracker All of 1 nodes getting started
@tracker All nodes finishes job
start listen on 10.110.42.71:40943
@tracker All of 1 nodes getting started
@tracker All nodes finishes job
Trial 87 finished with value: 0.9770333333333333 and parameters: {'tree_method': 'gpu_hist', 'lambda': 0.41080769398807027, 'alpha': 1.0079727779979943, 'colsample_bytree': 0.48664195492468904, 'subsample': 0.659523973168226, 'learning_rate': 0.055761467949418775, 'max_depth': 7, 'min_child_weight': 10, 'eval_metric': 'logloss'}. Best is trial 87 with value: 0.9770333333333333.
start listen on 10.110.42.71:60421
@tracker All of 1 nodes getting started
@tracker All nodes finishes job
start listen on 10.110.42.71:33427
@tracker All of 1 nodes getting started
@tracker All nodes finishes job
start listen on 10.110.42.71:55171
@tracker All of 1 nodes getting started
@tracker All nodes finishes job
start listen on 10.110.42.71:41699
@tracker All of 1 nodes getting started
@tracker All nodes finishes job
start listen on 10.110.42.71:39427
@tracker All of 1 nodes getting started
@tracker All nodes finishes job
Trial 88 finished with value: 0.9735 and parameters: {'tree_method': 'gpu_hist', 'lambda': 0.11625945803352337, 'alpha': 1.5360262275492274, 'colsample_bytree': 0.48831850995328857, 'subsample': 0.6583652857004636, 'learning_rate': 0.053544977107673, 'max_depth': 7, 'min_child_weight': 32, 'eval_metric': 'logloss'}. Best is trial 87 with value: 0.9770333333333333.
start listen on 10.110.42.71:54311
@tracker All of 1 nodes getting started
@tracker All nodes finishes job
start listen on 10.110.42.71:52409
@tracker All of 1 nodes getting started
@tracker All nodes finishes job
start listen on 10.110.42.71:41139
@tracker All of 1 nodes getting started
@tracker All nodes finishes job
start listen on 10.110.42.71:54669
@tracker All of 1 nodes getting started
@tracker All nodes finishes job
start listen on 10.110.42.71:44287
@tracker All of 1 nodes getting started
@tracker All nodes finishes job
Trial 89 finished with value: 0.9749833333333333 and parameters: {'tree_method': 'gpu_hist', 'lambda': 1.3934999360670877, 'alpha': 0.8537197717747758, 'colsample_bytree': 0.45899583275578126, 'subsample': 0.5599412853078742, 'learning_rate': 0.08823132064356293, 'max_depth': 7, 'min_child_weight': 21, 'eval_metric': 'logloss'}. Best is trial 87 with value: 0.9770333333333333.
start listen on 10.110.42.71:54607
@tracker All of 1 nodes getting started
@tracker All nodes finishes job
start listen on 10.110.42.71:43911
@tracker All of 1 nodes getting started
@tracker All nodes finishes job
start listen on 10.110.42.71:48399
@tracker All of 1 nodes getting started
@tracker All nodes finishes job
start listen on 10.110.42.71:39707
@tracker All of 1 nodes getting started
@tracker All nodes finishes job
start listen on 10.110.42.71:36415
@tracker All of 1 nodes getting started
@tracker All nodes finishes job
Trial 90 finished with value: 0.9747833333333333 and parameters: {'tree_method': 'gpu_hist', 'lambda': 0.07908300558724478, 'alpha': 2.329866235344948, 'colsample_bytree': 0.5607103091889905, 'subsample': 0.7046301788864066, 'learning_rate': 0.0713441249071658, 'max_depth': 9, 'min_child_weight': 1, 'eval_metric': 'logloss'}. Best is trial 87 with value: 0.9770333333333333.
start listen on 10.110.42.71:60237
@tracker All of 1 nodes getting started
@tracker All nodes finishes job
start listen on 10.110.42.71:44837
@tracker All of 1 nodes getting started
@tracker All nodes finishes job
start listen on 10.110.42.71:54945
@tracker All of 1 nodes getting started
@tracker All nodes finishes job
start listen on 10.110.42.71:41797
@tracker All of 1 nodes getting started
@tracker All nodes finishes job
start listen on 10.110.42.71:58851
@tracker All of 1 nodes getting started
@tracker All nodes finishes job
Trial 91 finished with value: 0.9642166666666667 and parameters: {'tree_method': 'gpu_hist', 'lambda': 0.5801091147063231, 'alpha': 0.46988003408708356, 'colsample_bytree': 0.47180236397830666, 'subsample': 0.7553772610456962, 'learning_rate': 0.04385429266904323, 'max_depth': 15, 'min_child_weight': 106, 'eval_metric': 'logloss'}. Best is trial 87 with value: 0.9770333333333333.
start listen on 10.110.42.71:47793
@tracker All of 1 nodes getting started
@tracker All nodes finishes job
start listen on 10.110.42.71:46207
@tracker All of 1 nodes getting started
@tracker All nodes finishes job
start listen on 10.110.42.71:46305
@tracker All of 1 nodes getting started
@tracker All nodes finishes job
start listen on 10.110.42.71:36989
@tracker All of 1 nodes getting started
@tracker All nodes finishes job
start listen on 10.110.42.71:35941
@tracker All of 1 nodes getting started
@tracker All nodes finishes job
Trial 92 finished with value: 0.9728 and parameters: {'tree_method': 'gpu_hist', 'lambda': 2.361043769898339, 'alpha': 1.2333160574539137, 'colsample_bytree': 0.924829766979668, 'subsample': 0.642769910137855, 'learning_rate': 0.05976706820020373, 'max_depth': 3, 'min_child_weight': 9, 'eval_metric': 'logloss'}. Best is trial 87 with value: 0.9770333333333333.
start listen on 10.110.42.71:52755
@tracker All of 1 nodes getting started
@tracker All nodes finishes job
start listen on 10.110.42.71:60789
@tracker All of 1 nodes getting started
@tracker All nodes finishes job
start listen on 10.110.42.71:58199
@tracker All of 1 nodes getting started
@tracker All nodes finishes job
start listen on 10.110.42.71:46205
@tracker All of 1 nodes getting started
@tracker All nodes finishes job
start listen on 10.110.42.71:51553
@tracker All of 1 nodes getting started
@tracker All nodes finishes job
Trial 93 finished with value: 0.9747 and parameters: {'tree_method': 'gpu_hist', 'lambda': 1.7615599299836593, 'alpha': 0.762457950331938, 'colsample_bytree': 0.5265979163996746, 'subsample': 0.7865183113918621, 'learning_rate': 0.048368027973706575, 'max_depth': 11, 'min_child_weight': 29, 'eval_metric': 'logloss'}. Best is trial 87 with value: 0.9770333333333333.
start listen on 10.110.42.71:49035
@tracker All of 1 nodes getting started
@tracker All nodes finishes job
start listen on 10.110.42.71:38727
@tracker All of 1 nodes getting started
@tracker All nodes finishes job
start listen on 10.110.42.71:33605
@tracker All of 1 nodes getting started
@tracker All nodes finishes job
start listen on 10.110.42.71:57615
@tracker All of 1 nodes getting started
@tracker All nodes finishes job
start listen on 10.110.42.71:48557
@tracker All of 1 nodes getting started
@tracker All nodes finishes job
Trial 94 finished with value: 0.9606833333333333 and parameters: {'tree_method': 'gpu_hist', 'lambda': 0.8223342607478846, 'alpha': 0.002105888470424784, 'colsample_bytree': 0.6037771833520404, 'subsample': 0.7206851091110875, 'learning_rate': 0.005798708308708097, 'max_depth': 7, 'min_child_weight': 17, 'eval_metric': 'logloss'}. Best is trial 87 with value: 0.9770333333333333.
start listen on 10.110.42.71:60495
@tracker All of 1 nodes getting started
@tracker All nodes finishes job
start listen on 10.110.42.71:56213
@tracker All of 1 nodes getting started
@tracker All nodes finishes job
start listen on 10.110.42.71:42689
@tracker All of 1 nodes getting started
@tracker All nodes finishes job
start listen on 10.110.42.71:51555
@tracker All of 1 nodes getting started
@tracker All nodes finishes job
start listen on 10.110.42.71:32963
@tracker All of 1 nodes getting started
@tracker All nodes finishes job
Trial 95 finished with value: 0.9697666666666667 and parameters: {'tree_method': 'gpu_hist', 'lambda': 0.34843505439380285, 'alpha': 1.8293847648947816, 'colsample_bytree': 0.42831762394933215, 'subsample': 0.6841220898265218, 'learning_rate': 0.09759769661703598, 'max_depth': 7, 'min_child_weight': 66, 'eval_metric': 'logloss'}. Best is trial 87 with value: 0.9770333333333333.
start listen on 10.110.42.71:45479
@tracker All of 1 nodes getting started
@tracker All nodes finishes job
start listen on 10.110.42.71:60799
@tracker All of 1 nodes getting started
@tracker All nodes finishes job
start listen on 10.110.42.71:57509
@tracker All of 1 nodes getting started
@tracker All nodes finishes job
start listen on 10.110.42.71:35449
@tracker All of 1 nodes getting started
@tracker All nodes finishes job
start listen on 10.110.42.71:44103
@tracker All of 1 nodes getting started
@tracker All nodes finishes job
Trial 96 finished with value: 0.9770333333333333 and parameters: {'tree_method': 'gpu_hist', 'lambda': 0.40629507774837303, 'alpha': 0.9604046572970407, 'colsample_bytree': 0.501235390405074, 'subsample': 0.622718924659619, 'learning_rate': 0.03961958742878334, 'max_depth': 7, 'min_child_weight': 8, 'eval_metric': 'logloss'}. Best is trial 87 with value: 0.9770333333333333.
start listen on 10.110.42.71:40773
@tracker All of 1 nodes getting started
@tracker All nodes finishes job
start listen on 10.110.42.71:54209
@tracker All of 1 nodes getting started
@tracker All nodes finishes job
start listen on 10.110.42.71:56569
@tracker All of 1 nodes getting started
@tracker All nodes finishes job
start listen on 10.110.42.71:47271
@tracker All of 1 nodes getting started
@tracker All nodes finishes job
start listen on 10.110.42.71:41499
@tracker All of 1 nodes getting started
@tracker All nodes finishes job
