Trial 121 finished with value: 0.9755666666666667 and parameters: {'tree_method': 'gpu_hist', 'lambda': 2.0855503590922777, 'alpha': 1.0617036524978714, 'colsample_bytree': 0.3332188322536864, 'subsample': 0.7677855823468984, 'learning_rate': 0.08675050291793981, 'max_depth': 7, 'min_child_weight': 28, 'eval_metric': 'logloss'}. Best is trial 118 with value: 0.97755.
start listen on 10.110.42.71:51121
@tracker All of 1 nodes getting started
@tracker All nodes finishes job
start listen on 10.110.42.71:32957
@tracker All of 1 nodes getting started
@tracker All nodes finishes job
start listen on 10.110.42.71:47839
@tracker All of 1 nodes getting started
@tracker All nodes finishes job
start listen on 10.110.42.71:45731
@tracker All of 1 nodes getting started
@tracker All nodes finishes job
start listen on 10.110.42.71:45979
@tracker All of 1 nodes getting started
@tracker All nodes finishes job
Trial 122 finished with value: 0.973 and parameters: {'tree_method': 'gpu_hist', 'lambda': 1.3689517801321518, 'alpha': 0.5319545600506034, 'colsample_bytree': 0.32823139133885504, 'subsample': 0.7809308382277189, 'learning_rate': 0.06609798271116754, 'max_depth': 3, 'min_child_weight': 7, 'eval_metric': 'logloss'}. Best is trial 118 with value: 0.97755.
start listen on 10.110.42.71:56881
@tracker All of 1 nodes getting started
@tracker All nodes finishes job
start listen on 10.110.42.71:39297
@tracker All of 1 nodes getting started
@tracker All nodes finishes job
start listen on 10.110.42.71:40531
@tracker All of 1 nodes getting started
@tracker All nodes finishes job
start listen on 10.110.42.71:34977
@tracker All of 1 nodes getting started
@tracker All nodes finishes job
start listen on 10.110.42.71:49711
@tracker All of 1 nodes getting started
@tracker All nodes finishes job
Trial 123 finished with value: 0.9767 and parameters: {'tree_method': 'gpu_hist', 'lambda': 0.8313598722751976, 'alpha': 1.35850210198188, 'colsample_bytree': 0.3027356214650947, 'subsample': 0.8104190069864387, 'learning_rate': 0.08291041349104872, 'max_depth': 7, 'min_child_weight': 18, 'eval_metric': 'logloss'}. Best is trial 118 with value: 0.97755.
start listen on 10.110.42.71:54591
@tracker All of 1 nodes getting started
@tracker All nodes finishes job
start listen on 10.110.42.71:55101
@tracker All of 1 nodes getting started
@tracker All nodes finishes job
start listen on 10.110.42.71:41347
@tracker All of 1 nodes getting started
@tracker All nodes finishes job
start listen on 10.110.42.71:43645
@tracker All of 1 nodes getting started
@tracker All nodes finishes job
start listen on 10.110.42.71:39131
@tracker All of 1 nodes getting started
@tracker All nodes finishes job
Trial 124 finished with value: 0.9682 and parameters: {'tree_method': 'gpu_hist', 'lambda': 0.9846528659547519, 'alpha': 0.7128120854463097, 'colsample_bytree': 0.36509967818239353, 'subsample': 0.797091167750229, 'learning_rate': 0.09771805240326725, 'max_depth': 7, 'min_child_weight': 91, 'eval_metric': 'logloss'}. Best is trial 118 with value: 0.97755.
start listen on 10.110.42.71:54981
@tracker All of 1 nodes getting started
@tracker All nodes finishes job
start listen on 10.110.42.71:56089
@tracker All of 1 nodes getting started
@tracker All nodes finishes job
start listen on 10.110.42.71:37519
@tracker All of 1 nodes getting started
@tracker All nodes finishes job
start listen on 10.110.42.71:53903
@tracker All of 1 nodes getting started
@tracker All nodes finishes job
start listen on 10.110.42.71:41621
@tracker All of 1 nodes getting started
@tracker All nodes finishes job
Trial 125 finished with value: 0.9526 and parameters: {'tree_method': 'gpu_hist', 'lambda': 1.5593836312683935, 'alpha': 0.9494789358552032, 'colsample_bytree': 0.35707742860824065, 'subsample': 0.7477833659849236, 'learning_rate': 0.06361371083221891, 'max_depth': 15, 'min_child_weight': 209, 'eval_metric': 'logloss'}. Best is trial 118 with value: 0.97755.

Traceback (most recent call last):
  File "/home/btunguz/.local/lib/python3.8/site-packages/distributed/utils.py", line 778, in wrapper
    return await func(*args, **kwargs)
  File "/home/btunguz/.local/lib/python3.8/site-packages/distributed/client.py", line 1211, in _reconnect
    await self._ensure_connected(timeout=timeout)
  File "/home/btunguz/.local/lib/python3.8/site-packages/distributed/client.py", line 1241, in _ensure_connected
    comm = await connect(
  File "/home/btunguz/.local/lib/python3.8/site-packages/distributed/comm/core.py", line 315, in connect
    await asyncio.sleep(backoff)
  File "/usr/lib/python3.8/asyncio/tasks.py", line 659, in sleep
    return await future
asyncio.exceptions.CancelledError

Traceback (most recent call last):
  File "/home/btunguz/.local/lib/python3.8/site-packages/distributed/utils.py", line 778, in wrapper
    return await func(*args, **kwargs)
  File "/home/btunguz/.local/lib/python3.8/site-packages/distributed/client.py", line 1400, in _handle_report
    await self._reconnect()
  File "/home/btunguz/.local/lib/python3.8/site-packages/distributed/utils.py", line 778, in wrapper
    return await func(*args, **kwargs)
  File "/home/btunguz/.local/lib/python3.8/site-packages/distributed/client.py", line 1211, in _reconnect
    await self._ensure_connected(timeout=timeout)
  File "/home/btunguz/.local/lib/python3.8/site-packages/distributed/client.py", line 1241, in _ensure_connected
    comm = await connect(
  File "/home/btunguz/.local/lib/python3.8/site-packages/distributed/comm/core.py", line 315, in connect
    await asyncio.sleep(backoff)
  File "/usr/lib/python3.8/asyncio/tasks.py", line 659, in sleep
    return await future
asyncio.exceptions.CancelledError
