Start optimization.
start listen on 10.110.42.71:41395
@tracker All of 1 nodes getting started
@tracker All nodes finishes job
start listen on 10.110.42.71:57757
@tracker All of 1 nodes getting started
@tracker All nodes finishes job
start listen on 10.110.42.71:53515
@tracker All of 1 nodes getting started
@tracker All nodes finishes job
start listen on 10.110.42.71:44453
@tracker All of 1 nodes getting started
@tracker All nodes finishes job
start listen on 10.110.42.71:39247
@tracker All of 1 nodes getting started
@tracker All nodes finishes job
Trial 26 finished with value: 0.9735 and parameters: {'tree_method': 'gpu_hist', 'lambda': 1.017043071090556, 'alpha': 0.003604692334098238, 'colsample_bytree': 0.7547437898971028, 'subsample': 0.6787606200648716, 'learning_rate': 0.05794151329154277, 'max_depth': 13, 'min_child_weight': 31, 'eval_metric': 'logloss'}. Best is trial 18 with value: 0.977.
start listen on 10.110.42.71:60617
@tracker All of 1 nodes getting started
@tracker All nodes finishes job
start listen on 10.110.42.71:36105
@tracker All of 1 nodes getting started
@tracker All nodes finishes job
start listen on 10.110.42.71:59391
@tracker All of 1 nodes getting started
@tracker All nodes finishes job
start listen on 10.110.42.71:49747
@tracker All of 1 nodes getting started
@tracker All nodes finishes job
start listen on 10.110.42.71:58031
@tracker All of 1 nodes getting started
@tracker All nodes finishes job
Trial 27 finished with value: 0.9729833333333333 and parameters: {'tree_method': 'gpu_hist', 'lambda': 9.281508766740732, 'alpha': 0.014903390314169268, 'colsample_bytree': 0.6341371649808424, 'subsample': 0.6145392676600331, 'learning_rate': 0.02542103128312823, 'max_depth': 9, 'min_child_weight': 21, 'eval_metric': 'logloss'}. Best is trial 18 with value: 0.977.
start listen on 10.110.42.71:33675
@tracker All of 1 nodes getting started
@tracker All nodes finishes job
start listen on 10.110.42.71:57797
@tracker All of 1 nodes getting started
@tracker All nodes finishes job
start listen on 10.110.42.71:54173
@tracker All of 1 nodes getting started
@tracker All nodes finishes job
start listen on 10.110.42.71:54003
@tracker All of 1 nodes getting started
@tracker All nodes finishes job
start listen on 10.110.42.71:50033
@tracker All of 1 nodes getting started
@tracker All nodes finishes job
Trial 28 finished with value: 0.9766 and parameters: {'tree_method': 'gpu_hist', 'lambda': 2.44861608326225, 'alpha': 1.4484527212219704, 'colsample_bytree': 0.8423081728921895, 'subsample': 0.7108013134722173, 'learning_rate': 0.0565047887564756, 'max_depth': 7, 'min_child_weight': 5, 'eval_metric': 'logloss'}. Best is trial 18 with value: 0.977.
start listen on 10.110.42.71:35479
@tracker All of 1 nodes getting started
@tracker All nodes finishes job
start listen on 10.110.42.71:51373
@tracker All of 1 nodes getting started
@tracker All nodes finishes job
start listen on 10.110.42.71:43831
@tracker All of 1 nodes getting started
@tracker All nodes finishes job
start listen on 10.110.42.71:59945
@tracker All of 1 nodes getting started
@tracker All nodes finishes job
start listen on 10.110.42.71:47655
@tracker All of 1 nodes getting started
@tracker All nodes finishes job
Trial 29 finished with value: 0.9462833333333334 and parameters: {'tree_method': 'gpu_hist', 'lambda': 3.439220598487134, 'alpha': 1.2836430776617167, 'colsample_bytree': 0.5093555014878021, 'subsample': 0.8042530733885291, 'learning_rate': 0.06887926292080941, 'max_depth': 7, 'min_child_weight': 289, 'eval_metric': 'logloss'}. Best is trial 18 with value: 0.977.
start listen on 10.110.42.71:41837
@tracker All of 1 nodes getting started
@tracker All nodes finishes job
start listen on 10.110.42.71:58755
@tracker All of 1 nodes getting started
@tracker All nodes finishes job
start listen on 10.110.42.71:49653
@tracker All of 1 nodes getting started
@tracker All nodes finishes job
start listen on 10.110.42.71:59031
@tracker All of 1 nodes getting started
@tracker All nodes finishes job
start listen on 10.110.42.71:41229
@tracker All of 1 nodes getting started
@tracker All nodes finishes job
Trial 30 finished with value: 0.9642166666666667 and parameters: {'tree_method': 'gpu_hist', 'lambda': 0.4611177402159509, 'alpha': 3.515226728699932, 'colsample_bytree': 0.897472978806756, 'subsample': 0.712547323552049, 'learning_rate': 0.03162401284827911, 'max_depth': 7, 'min_child_weight': 84, 'eval_metric': 'logloss'}. Best is trial 18 with value: 0.977.
start listen on 10.110.42.71:42333
@tracker All of 1 nodes getting started
@tracker All nodes finishes job
start listen on 10.110.42.71:35097
@tracker All of 1 nodes getting started
@tracker All nodes finishes job
start listen on 10.110.42.71:54455
@tracker All of 1 nodes getting started
@tracker All nodes finishes job
start listen on 10.110.42.71:50531
@tracker All of 1 nodes getting started
@tracker All nodes finishes job
start listen on 10.110.42.71:43243
@tracker All of 1 nodes getting started
@tracker All nodes finishes job
Trial 31 finished with value: 0.9655 and parameters: {'tree_method': 'gpu_hist', 'lambda': 2.4998816189289026, 'alpha': 0.28670931136705996, 'colsample_bytree': 0.5865479879582294, 'subsample': 0.5760906828878865, 'learning_rate': 0.020773521194156954, 'max_depth': 15, 'min_child_weight': 53, 'eval_metric': 'logloss'}. Best is trial 18 with value: 0.977.
start listen on 10.110.42.71:44577
@tracker All of 1 nodes getting started
@tracker All nodes finishes job
start listen on 10.110.42.71:40403
@tracker All of 1 nodes getting started
@tracker All nodes finishes job
start listen on 10.110.42.71:48453
@tracker All of 1 nodes getting started
@tracker All nodes finishes job
start listen on 10.110.42.71:34033
@tracker All of 1 nodes getting started
@tracker All nodes finishes job
start listen on 10.110.42.71:52909
@tracker All of 1 nodes getting started
@tracker All nodes finishes job
Trial 32 finished with value: 0.9762 and parameters: {'tree_method': 'gpu_hist', 'lambda': 5.927495219165187, 'alpha': 1.257394303161672, 'colsample_bytree': 0.6889251796492837, 'subsample': 0.7370758101080342, 'learning_rate': 0.039303618447159475, 'max_depth': 17, 'min_child_weight': 4, 'eval_metric': 'logloss'}. Best is trial 18 with value: 0.977.
start listen on 10.110.42.71:32859
@tracker All of 1 nodes getting started
@tracker All nodes finishes job
start listen on 10.110.42.71:58931
@tracker All of 1 nodes getting started
@tracker All nodes finishes job
start listen on 10.110.42.71:50369
@tracker All of 1 nodes getting started
@tracker All nodes finishes job
start listen on 10.110.42.71:36177
@tracker All of 1 nodes getting started
@tracker All nodes finishes job
start listen on 10.110.42.71:44751
@tracker All of 1 nodes getting started
@tracker All nodes finishes job
Trial 33 finished with value: 0.9651 and parameters: {'tree_method': 'gpu_hist', 'lambda': 1.6016745205406424, 'alpha': 0.4714453907779298, 'colsample_bytree': 0.8722747415237744, 'subsample': 0.7442794127501845, 'learning_rate': 0.0681490212526736, 'max_depth': 17, 'min_child_weight': 112, 'eval_metric': 'logloss'}. Best is trial 18 with value: 0.977.
start listen on 10.110.42.71:59015
@tracker All of 1 nodes getting started
@tracker All nodes finishes job
start listen on 10.110.42.71:55529
@tracker All of 1 nodes getting started
@tracker All nodes finishes job
start listen on 10.110.42.71:53657
@tracker All of 1 nodes getting started
@tracker All nodes finishes job
start listen on 10.110.42.71:59075
@tracker All of 1 nodes getting started
@tracker All nodes finishes job
start listen on 10.110.42.71:56685
@tracker All of 1 nodes getting started
@tracker All nodes finishes job
Trial 34 finished with value: 0.9624833333333334 and parameters: {'tree_method': 'gpu_hist', 'lambda': 0.2817768663865633, 'alpha': 1.9496975688878808, 'colsample_bytree': 0.8377141269663186, 'subsample': 0.874911093644028, 'learning_rate': 0.03718785777524192, 'max_depth': 17, 'min_child_weight': 129, 'eval_metric': 'logloss'}. Best is trial 18 with value: 0.977.
start listen on 10.110.42.71:43279
@tracker All of 1 nodes getting started
@tracker All nodes finishes job
start listen on 10.110.42.71:56373
@tracker All of 1 nodes getting started
@tracker All nodes finishes job
start listen on 10.110.42.71:47257
@tracker All of 1 nodes getting started
@tracker All nodes finishes job
start listen on 10.110.42.71:38473
@tracker All of 1 nodes getting started
@tracker All nodes finishes job
start listen on 10.110.42.71:58551
@tracker All of 1 nodes getting started
@tracker All nodes finishes job
Trial 35 finished with value: 0.9496833333333333 and parameters: {'tree_method': 'gpu_hist', 'lambda': 4.9865812550414, 'alpha': 5.484251274821298, 'colsample_bytree': 0.6913635765027095, 'subsample': 0.8410087249705993, 'learning_rate': 0.021378231426083447, 'max_depth': 7, 'min_child_weight': 185, 'eval_metric': 'logloss'}. Best is trial 18 with value: 0.977.
start listen on 10.110.42.71:46087
@tracker All of 1 nodes getting started
@tracker All nodes finishes job
start listen on 10.110.42.71:54843
@tracker All of 1 nodes getting started
@tracker All nodes finishes job
start listen on 10.110.42.71:60613
@tracker All of 1 nodes getting started
@tracker All nodes finishes job
start listen on 10.110.42.71:44115
@tracker All of 1 nodes getting started
@tracker All nodes finishes job
start listen on 10.110.42.71:38355
@tracker All of 1 nodes getting started
@tracker All nodes finishes job
Trial 36 finished with value: 0.9768 and parameters: {'tree_method': 'gpu_hist', 'lambda': 1.6713086131567187, 'alpha': 1.0544847118672496, 'colsample_bytree': 0.5313095943518498, 'subsample': 0.7427288808258248, 'learning_rate': 0.046840397082836625, 'max_depth': 7, 'min_child_weight': 12, 'eval_metric': 'logloss'}. Best is trial 18 with value: 0.977.
start listen on 10.110.42.71:40827
@tracker All of 1 nodes getting started
@tracker All nodes finishes job
start listen on 10.110.42.71:33595
@tracker All of 1 nodes getting started
@tracker All nodes finishes job
start listen on 10.110.42.71:46821
@tracker All of 1 nodes getting started
@tracker All nodes finishes job
start listen on 10.110.42.71:42703
@tracker All of 1 nodes getting started
@tracker All nodes finishes job
start listen on 10.110.42.71:44295
@tracker All of 1 nodes getting started
@tracker All nodes finishes job
Trial 37 finished with value: 0.9766 and parameters: {'tree_method': 'gpu_hist', 'lambda': 1.7204847962320902, 'alpha': 1.4992003946362449, 'colsample_bytree': 0.721389881533159, 'subsample': 0.7466035745168089, 'learning_rate': 0.06761161523906342, 'max_depth': 7, 'min_child_weight': 2, 'eval_metric': 'logloss'}. Best is trial 18 with value: 0.977.
start listen on 10.110.42.71:49579
@tracker All of 1 nodes getting started
@tracker All nodes finishes job
start listen on 10.110.42.71:48887
@tracker All of 1 nodes getting started
@tracker All nodes finishes job
start listen on 10.110.42.71:49765
@tracker All of 1 nodes getting started
@tracker All nodes finishes job
start listen on 10.110.42.71:38183
@tracker All of 1 nodes getting started
@tracker All nodes finishes job
start listen on 10.110.42.71:51843
@tracker All of 1 nodes getting started
@tracker All nodes finishes job
Trial 38 finished with value: 0.9743166666666667 and parameters: {'tree_method': 'gpu_hist', 'lambda': 2.018592083629788, 'alpha': 2.2616786804115194, 'colsample_bytree': 0.7392955441513958, 'subsample': 0.8208093758534549, 'learning_rate': 0.06750359353667074, 'max_depth': 7, 'min_child_weight': 35, 'eval_metric': 'logloss'}. Best is trial 18 with value: 0.977.
start listen on 10.110.42.71:33773
@tracker All of 1 nodes getting started
@tracker All nodes finishes job
start listen on 10.110.42.71:54105
@tracker All of 1 nodes getting started
@tracker All nodes finishes job
start listen on 10.110.42.71:36745
@tracker All of 1 nodes getting started
@tracker All nodes finishes job
start listen on 10.110.42.71:57405
@tracker All of 1 nodes getting started
@tracker All nodes finishes job
start listen on 10.110.42.71:56263
@tracker All of 1 nodes getting started
@tracker All nodes finishes job
Trial 39 finished with value: 0.9761 and parameters: {'tree_method': 'gpu_hist', 'lambda': 0.98449037870382, 'alpha': 0.5720278966450987, 'colsample_bytree': 0.8094925885341389, 'subsample': 0.777406308307839, 'learning_rate': 0.05527566920715664, 'max_depth': 7, 'min_child_weight': 16, 'eval_metric': 'logloss'}. Best is trial 18 with value: 0.977.
start listen on 10.110.42.71:60265
@tracker All of 1 nodes getting started
@tracker All nodes finishes job
start listen on 10.110.42.71:34885
@tracker All of 1 nodes getting started
@tracker All nodes finishes job
start listen on 10.110.42.71:60417
@tracker All of 1 nodes getting started
@tracker All nodes finishes job
start listen on 10.110.42.71:55887
@tracker All of 1 nodes getting started
@tracker All nodes finishes job
start listen on 10.110.42.71:44531
@tracker All of 1 nodes getting started
@tracker All nodes finishes job
Trial 40 finished with value: 0.9629666666666666 and parameters: {'tree_method': 'gpu_hist', 'lambda': 1.536891773664667, 'alpha': 0.15215718096685604, 'colsample_bytree': 0.6132213945738267, 'subsample': 0.7294452351721145, 'learning_rate': 0.012335910998469722, 'max_depth': 7, 'min_child_weight': 49, 'eval_metric': 'logloss'}. Best is trial 18 with value: 0.977.
start listen on 10.110.42.71:44407
@tracker All of 1 nodes getting started
@tracker All nodes finishes job
start listen on 10.110.42.71:60763
@tracker All of 1 nodes getting started
@tracker All nodes finishes job
start listen on 10.110.42.71:39673
@tracker All of 1 nodes getting started
@tracker All nodes finishes job
start listen on 10.110.42.71:59639
@tracker All of 1 nodes getting started
@tracker All nodes finishes job
start listen on 10.110.42.71:44543
@tracker All of 1 nodes getting started
@tracker All nodes finishes job
Trial 41 finished with value: 0.9749833333333333 and parameters: {'tree_method': 'gpu_hist', 'lambda': 0.060370929594179036, 'alpha': 0.32084478292799734, 'colsample_bytree': 0.6595898257996303, 'subsample': 0.6404785044216879, 'learning_rate': 0.07785706737401392, 'max_depth': 7, 'min_child_weight': 21, 'eval_metric': 'logloss'}. Best is trial 18 with value: 0.977.
start listen on 10.110.42.71:39605
@tracker All of 1 nodes getting started
@tracker All nodes finishes job
start listen on 10.110.42.71:52783
@tracker All of 1 nodes getting started
@tracker All nodes finishes job
start listen on 10.110.42.71:35215
@tracker All of 1 nodes getting started
@tracker All nodes finishes job
start listen on 10.110.42.71:50077
@tracker All of 1 nodes getting started
@tracker All nodes finishes job
start listen on 10.110.42.71:57759
@tracker All of 1 nodes getting started
@tracker All nodes finishes job
Trial 42 finished with value: 0.9724166666666667 and parameters: {'tree_method': 'gpu_hist', 'lambda': 0.5100535037599816, 'alpha': 4.5617939725426435, 'colsample_bytree': 0.7426810421193961, 'subsample': 0.5987187796089221, 'learning_rate': 0.05289770338104205, 'max_depth': 20, 'min_child_weight': 1, 'eval_metric': 'logloss'}. Best is trial 18 with value: 0.977.
start listen on 10.110.42.71:35411
@tracker All of 1 nodes getting started
@tracker All nodes finishes job
start listen on 10.110.42.71:36899
@tracker All of 1 nodes getting started
@tracker All nodes finishes job
start listen on 10.110.42.71:34699
@tracker All of 1 nodes getting started
@tracker All nodes finishes job
start listen on 10.110.42.71:35423
@tracker All of 1 nodes getting started
@tracker All nodes finishes job
start listen on 10.110.42.71:36713
@tracker All of 1 nodes getting started
@tracker All nodes finishes job
Trial 43 finished with value: 0.93415 and parameters: {'tree_method': 'gpu_hist', 'lambda': 1.4557230250890238, 'alpha': 1.6000022963250398, 'colsample_bytree': 0.9962046140066074, 'subsample': 0.5252326837893584, 'learning_rate': 0.005056558950410078, 'max_depth': 7, 'min_child_weight': 76, 'eval_metric': 'logloss'}. Best is trial 18 with value: 0.977.
start listen on 10.110.42.71:59427
@tracker All of 1 nodes getting started
@tracker All nodes finishes job
start listen on 10.110.42.71:51849
@tracker All of 1 nodes getting started
@tracker All nodes finishes job
start listen on 10.110.42.71:47069
@tracker All of 1 nodes getting started
@tracker All nodes finishes job
start listen on 10.110.42.71:52045
@tracker All of 1 nodes getting started
@tracker All nodes finishes job
start listen on 10.110.42.71:46055
@tracker All of 1 nodes getting started
@tracker All nodes finishes job
Trial 44 finished with value: 0.9725333333333334 and parameters: {'tree_method': 'gpu_hist', 'lambda': 4.4854646091799015, 'alpha': 0.09424862959758638, 'colsample_bytree': 0.5304190057624737, 'subsample': 0.6835059256368128, 'learning_rate': 0.025739461939855168, 'max_depth': 7, 'min_child_weight': 28, 'eval_metric': 'logloss'}. Best is trial 18 with value: 0.977.
start listen on 10.110.42.71:55455
@tracker All of 1 nodes getting started
@tracker All nodes finishes job
start listen on 10.110.42.71:43773
@tracker All of 1 nodes getting started
@tracker All nodes finishes job
start listen on 10.110.42.71:58141
@tracker All of 1 nodes getting started
@tracker All nodes finishes job
start listen on 10.110.42.71:51733
@tracker All of 1 nodes getting started
@tracker All nodes finishes job
start listen on 10.110.42.71:55263
@tracker All of 1 nodes getting started
@tracker All nodes finishes job
Trial 45 finished with value: 0.9661666666666666 and parameters: {'tree_method': 'gpu_hist', 'lambda': 0.2568375516997716, 'alpha': 0.9259137956962237, 'colsample_bytree': 0.44385711121583715, 'subsample': 0.899605920494847, 'learning_rate': 0.012863871184223198, 'max_depth': 9, 'min_child_weight': 49, 'eval_metric': 'logloss'}. Best is trial 18 with value: 0.977.
start listen on 10.110.42.71:54399
@tracker All of 1 nodes getting started
@tracker All nodes finishes job
start listen on 10.110.42.71:45137
@tracker All of 1 nodes getting started
@tracker All nodes finishes job
start listen on 10.110.42.71:57165
@tracker All of 1 nodes getting started
@tracker All nodes finishes job
start listen on 10.110.42.71:55995
@tracker All of 1 nodes getting started
@tracker All nodes finishes job
start listen on 10.110.42.71:56783
@tracker All of 1 nodes getting started
@tracker All nodes finishes job
Trial 46 finished with value: 0.9757 and parameters: {'tree_method': 'gpu_hist', 'lambda': 5.725776314031024, 'alpha': 1.4428132616429037, 'colsample_bytree': 0.6669430797762209, 'subsample': 0.7551717106800147, 'learning_rate': 0.0397569679281586, 'max_depth': 15, 'min_child_weight': 13, 'eval_metric': 'logloss'}. Best is trial 18 with value: 0.977.
start listen on 10.110.42.71:48863
@tracker All of 1 nodes getting started
@tracker All nodes finishes job
start listen on 10.110.42.71:48749
@tracker All of 1 nodes getting started
@tracker All nodes finishes job
start listen on 10.110.42.71:33501
@tracker All of 1 nodes getting started
@tracker All nodes finishes job
start listen on 10.110.42.71:50579
@tracker All of 1 nodes getting started
@tracker All nodes finishes job
start listen on 10.110.42.71:59569
@tracker All of 1 nodes getting started
@tracker All nodes finishes job
Trial 47 finished with value: 0.9736666666666667 and parameters: {'tree_method': 'gpu_hist', 'lambda': 2.59526776373386, 'alpha': 2.589513360453004, 'colsample_bytree': 0.7123658583012928, 'subsample': 0.7231338425491458, 'learning_rate': 0.0447904411823139, 'max_depth': 17, 'min_child_weight': 1, 'eval_metric': 'logloss'}. Best is trial 18 with value: 0.977.
start listen on 10.110.42.71:58189
@tracker All of 1 nodes getting started
@tracker All nodes finishes job
start listen on 10.110.42.71:38083
@tracker All of 1 nodes getting started
@tracker All nodes finishes job
start listen on 10.110.42.71:55765
@tracker All of 1 nodes getting started
@tracker All nodes finishes job
start listen on 10.110.42.71:45459
@tracker All of 1 nodes getting started
@tracker All nodes finishes job
start listen on 10.110.42.71:36601
@tracker All of 1 nodes getting started
@tracker All nodes finishes job
Trial 48 finished with value: 0.9732666666666666 and parameters: {'tree_method': 'gpu_hist', 'lambda': 6.078539662243051, 'alpha': 0.9582745309652283, 'colsample_bytree': 0.6177862841791382, 'subsample': 0.6970857262042547, 'learning_rate': 0.03165573635752995, 'max_depth': 17, 'min_child_weight': 27, 'eval_metric': 'logloss'}. Best is trial 18 with value: 0.977.
start listen on 10.110.42.71:48125
@tracker All of 1 nodes getting started
@tracker All nodes finishes job
start listen on 10.110.42.71:54685
@tracker All of 1 nodes getting started
@tracker All nodes finishes job
start listen on 10.110.42.71:59919
@tracker All of 1 nodes getting started
@tracker All nodes finishes job
start listen on 10.110.42.71:39955
@tracker All of 1 nodes getting started
@tracker All nodes finishes job
start listen on 10.110.42.71:56653
@tracker All of 1 nodes getting started
@tracker All nodes finishes job
