Trial 97 finished with value: 0.9382833333333334 and parameters: {'tree_method': 'gpu_hist', 'lambda': 0.5240948841242623, 'alpha': 0.989775547332761, 'colsample_bytree': 0.6261103913273913, 'subsample': 0.6236392895898174, 'learning_rate': 0.0012929859808338124, 'max_depth': 7, 'min_child_weight': 7, 'eval_metric': 'logloss'}. Best is trial 87 with value: 0.9770333333333333.
start listen on 10.110.42.71:54219
@tracker All of 1 nodes getting started
@tracker All nodes finishes job
start listen on 10.110.42.71:60587
@tracker All of 1 nodes getting started
@tracker All nodes finishes job
start listen on 10.110.42.71:46209
@tracker All of 1 nodes getting started
@tracker All nodes finishes job
start listen on 10.110.42.71:43333
@tracker All of 1 nodes getting started
@tracker All nodes finishes job
start listen on 10.110.42.71:50525
@tracker All of 1 nodes getting started
@tracker All nodes finishes job
Trial 98 finished with value: 0.9763 and parameters: {'tree_method': 'gpu_hist', 'lambda': 0.252116796974056, 'alpha': 0.3702813725909507, 'colsample_bytree': 0.4967982262214678, 'subsample': 0.6621278907176676, 'learning_rate': 0.05294566931382321, 'max_depth': 7, 'min_child_weight': 16, 'eval_metric': 'logloss'}. Best is trial 87 with value: 0.9770333333333333.
start listen on 10.110.42.71:38531
@tracker All of 1 nodes getting started
@tracker All nodes finishes job
start listen on 10.110.42.71:36463
@tracker All of 1 nodes getting started
@tracker All nodes finishes job
start listen on 10.110.42.71:53079
@tracker All of 1 nodes getting started
@tracker All nodes finishes job
start listen on 10.110.42.71:55805
@tracker All of 1 nodes getting started
@tracker All nodes finishes job
start listen on 10.110.42.71:40029
@tracker All of 1 nodes getting started
@tracker All nodes finishes job
Trial 99 finished with value: 0.9747666666666667 and parameters: {'tree_method': 'gpu_hist', 'lambda': 0.3014147117109227, 'alpha': 0.40809372101828745, 'colsample_bytree': 0.49376759233522305, 'subsample': 0.6594325231303468, 'learning_rate': 0.05394198888411701, 'max_depth': 7, 'min_child_weight': 27, 'eval_metric': 'logloss'}. Best is trial 87 with value: 0.9770333333333333.
start listen on 10.110.42.71:53261
@tracker All of 1 nodes getting started
@tracker All nodes finishes job
start listen on 10.110.42.71:37433
@tracker All of 1 nodes getting started
@tracker All nodes finishes job
start listen on 10.110.42.71:60137
@tracker All of 1 nodes getting started
@tracker All nodes finishes job
start listen on 10.110.42.71:52349
@tracker All of 1 nodes getting started
@tracker All nodes finishes job
start listen on 10.110.42.71:36581
@tracker All of 1 nodes getting started
@tracker All nodes finishes job
Trial 100 finished with value: 0.973 and parameters: {'tree_method': 'gpu_hist', 'lambda': 0.20970841349123, 'alpha': 0.3139935126463415, 'colsample_bytree': 0.5182778606897975, 'subsample': 0.6362704689353701, 'learning_rate': 0.0663774739726606, 'max_depth': 5, 'min_child_weight': 37, 'eval_metric': 'logloss'}. Best is trial 87 with value: 0.9770333333333333.
start listen on 10.110.42.71:33649
@tracker All of 1 nodes getting started
@tracker All nodes finishes job
start listen on 10.110.42.71:59655
@tracker All of 1 nodes getting started
@tracker All nodes finishes job
start listen on 10.110.42.71:54697
@tracker All of 1 nodes getting started
@tracker All nodes finishes job
start listen on 10.110.42.71:35777
@tracker All of 1 nodes getting started
@tracker All nodes finishes job
start listen on 10.110.42.71:57237
@tracker All of 1 nodes getting started
@tracker All nodes finishes job
Trial 101 finished with value: 0.9701833333333333 and parameters: {'tree_method': 'gpu_hist', 'lambda': 0.14974792673933385, 'alpha': 0.6525026810537868, 'colsample_bytree': 0.40694123445513, 'subsample': 0.593489887817144, 'learning_rate': 0.08068443654772031, 'max_depth': 13, 'min_child_weight': 55, 'eval_metric': 'logloss'}. Best is trial 87 with value: 0.9770333333333333.
start listen on 10.110.42.71:43449
@tracker All of 1 nodes getting started
@tracker All nodes finishes job
start listen on 10.110.42.71:47797
@tracker All of 1 nodes getting started
@tracker All nodes finishes job
start listen on 10.110.42.71:53519
@tracker All of 1 nodes getting started
@tracker All nodes finishes job
start listen on 10.110.42.71:55669
@tracker All of 1 nodes getting started
@tracker All nodes finishes job
start listen on 10.110.42.71:58351
@tracker All of 1 nodes getting started
@tracker All nodes finishes job
Trial 102 finished with value: 0.9757166666666667 and parameters: {'tree_method': 'gpu_hist', 'lambda': 0.23368168971452064, 'alpha': 0.2431013023244151, 'colsample_bytree': 0.5504001577194246, 'subsample': 0.6225147242682219, 'learning_rate': 0.05852864964415499, 'max_depth': 7, 'min_child_weight': 15, 'eval_metric': 'logloss'}. Best is trial 87 with value: 0.9770333333333333.
start listen on 10.110.42.71:50911
@tracker All of 1 nodes getting started
@tracker All nodes finishes job
start listen on 10.110.42.71:53897
@tracker All of 1 nodes getting started
@tracker All nodes finishes job
start listen on 10.110.42.71:55579
@tracker All of 1 nodes getting started
@tracker All nodes finishes job
start listen on 10.110.42.71:51643
@tracker All of 1 nodes getting started
@tracker All nodes finishes job
start listen on 10.110.42.71:51667
@tracker All of 1 nodes getting started
@tracker All nodes finishes job
Trial 103 finished with value: 0.97685 and parameters: {'tree_method': 'gpu_hist', 'lambda': 3.742018219850765, 'alpha': 1.3571444304824158, 'colsample_bytree': 0.36716547637238095, 'subsample': 0.7657626931110815, 'learning_rate': 0.03975592237325304, 'max_depth': 7, 'min_child_weight': 8, 'eval_metric': 'logloss'}. Best is trial 87 with value: 0.9770333333333333.
start listen on 10.110.42.71:57159
@tracker All of 1 nodes getting started
@tracker All nodes finishes job
start listen on 10.110.42.71:57537
@tracker All of 1 nodes getting started
@tracker All nodes finishes job
start listen on 10.110.42.71:37961
@tracker All of 1 nodes getting started
@tracker All nodes finishes job
start listen on 10.110.42.71:52097
@tracker All of 1 nodes getting started
@tracker All nodes finishes job
start listen on 10.110.42.71:45821
@tracker All of 1 nodes getting started
@tracker All nodes finishes job
Trial 104 finished with value: 0.97715 and parameters: {'tree_method': 'gpu_hist', 'lambda': 0.4082404378145775, 'alpha': 1.3303856550218793, 'colsample_bytree': 0.34163334054103967, 'subsample': 0.741033827991827, 'learning_rate': 0.04355165804409856, 'max_depth': 7, 'min_child_weight': 6, 'eval_metric': 'logloss'}. Best is trial 104 with value: 0.97715.
start listen on 10.110.42.71:60287
@tracker All of 1 nodes getting started
@tracker All nodes finishes job
start listen on 10.110.42.71:33479
@tracker All of 1 nodes getting started
@tracker All nodes finishes job
start listen on 10.110.42.71:59453
@tracker All of 1 nodes getting started
@tracker All nodes finishes job
start listen on 10.110.42.71:36785
@tracker All of 1 nodes getting started
@tracker All nodes finishes job
start listen on 10.110.42.71:51609
@tracker All of 1 nodes getting started
@tracker All nodes finishes job
Trial 105 finished with value: 0.9734 and parameters: {'tree_method': 'gpu_hist', 'lambda': 7.841967977323151, 'alpha': 4.599854074172621, 'colsample_bytree': 0.3468879880771738, 'subsample': 0.7392621695268005, 'learning_rate': 0.026842885117892998, 'max_depth': 7, 'min_child_weight': 4, 'eval_metric': 'logloss'}. Best is trial 104 with value: 0.97715.
start listen on 10.110.42.71:57863
@tracker All of 1 nodes getting started
@tracker All nodes finishes job
start listen on 10.110.42.71:55399
@tracker All of 1 nodes getting started
@tracker All nodes finishes job
start listen on 10.110.42.71:60771
@tracker All of 1 nodes getting started
@tracker All nodes finishes job
start listen on 10.110.42.71:49407
@tracker All of 1 nodes getting started
@tracker All nodes finishes job
start listen on 10.110.42.71:52193
@tracker All of 1 nodes getting started
@tracker All nodes finishes job
Trial 106 finished with value: 0.9756833333333333 and parameters: {'tree_method': 'gpu_hist', 'lambda': 0.4039427338193145, 'alpha': 1.4426304849394551, 'colsample_bytree': 0.3053086868472461, 'subsample': 0.7479895255286251, 'learning_rate': 0.045221998713587716, 'max_depth': 7, 'min_child_weight': 22, 'eval_metric': 'logloss'}. Best is trial 104 with value: 0.97715.
start listen on 10.110.42.71:44897
@tracker All of 1 nodes getting started
@tracker All nodes finishes job
start listen on 10.110.42.71:52031
@tracker All of 1 nodes getting started
@tracker All nodes finishes job
start listen on 10.110.42.71:38853
@tracker All of 1 nodes getting started
@tracker All nodes finishes job
start listen on 10.110.42.71:33539
@tracker All of 1 nodes getting started
@tracker All nodes finishes job
start listen on 10.110.42.71:47633
@tracker All of 1 nodes getting started
@tracker All nodes finishes job
Trial 107 finished with value: 0.9773833333333334 and parameters: {'tree_method': 'gpu_hist', 'lambda': 0.0041078276544850995, 'alpha': 1.1571810124724342, 'colsample_bytree': 0.3395015250067274, 'subsample': 0.7639549023898671, 'learning_rate': 0.032615531093951766, 'max_depth': 7, 'min_child_weight': 5, 'eval_metric': 'logloss'}. Best is trial 107 with value: 0.9773833333333334.
start listen on 10.110.42.71:43383
@tracker All of 1 nodes getting started
@tracker All nodes finishes job
start listen on 10.110.42.71:58007
@tracker All of 1 nodes getting started
@tracker All nodes finishes job
start listen on 10.110.42.71:36807
@tracker All of 1 nodes getting started
@tracker All nodes finishes job
start listen on 10.110.42.71:53751
@tracker All of 1 nodes getting started
@tracker All nodes finishes job
start listen on 10.110.42.71:39839
@tracker All of 1 nodes getting started
@tracker All nodes finishes job
Trial 108 finished with value: 0.9763833333333334 and parameters: {'tree_method': 'gpu_hist', 'lambda': 0.007017467381175947, 'alpha': 2.0475791303879767, 'colsample_bytree': 0.36067838963433585, 'subsample': 0.797182899674392, 'learning_rate': 0.03236352490371578, 'max_depth': 7, 'min_child_weight': 6, 'eval_metric': 'logloss'}. Best is trial 107 with value: 0.9773833333333334.
start listen on 10.110.42.71:44661
@tracker All of 1 nodes getting started
@tracker All nodes finishes job
start listen on 10.110.42.71:41375
@tracker All of 1 nodes getting started
@tracker All nodes finishes job
start listen on 10.110.42.71:33021
@tracker All of 1 nodes getting started
@tracker All nodes finishes job
start listen on 10.110.42.71:47903
@tracker All of 1 nodes getting started
@tracker All nodes finishes job
start listen on 10.110.42.71:36903
@tracker All of 1 nodes getting started
@tracker All nodes finishes job
Trial 109 finished with value: 0.9761333333333333 and parameters: {'tree_method': 'gpu_hist', 'lambda': 0.002718092949293314, 'alpha': 1.1254822646232265, 'colsample_bytree': 0.331047947729882, 'subsample': 0.6976190323790614, 'learning_rate': 0.023230915887637916, 'max_depth': 20, 'min_child_weight': 5, 'eval_metric': 'logloss'}. Best is trial 107 with value: 0.9773833333333334.
start listen on 10.110.42.71:37595
@tracker All of 1 nodes getting started
@tracker All nodes finishes job
start listen on 10.110.42.71:56561
@tracker All of 1 nodes getting started
@tracker All nodes finishes job
start listen on 10.110.42.71:60467
@tracker All of 1 nodes getting started
@tracker All nodes finishes job
start listen on 10.110.42.71:48293
@tracker All of 1 nodes getting started
@tracker All nodes finishes job
start listen on 10.110.42.71:37079
@tracker All of 1 nodes getting started
@tracker All nodes finishes job
Trial 110 finished with value: 0.97575 and parameters: {'tree_method': 'gpu_hist', 'lambda': 0.001526563718489491, 'alpha': 2.8418869485215086, 'colsample_bytree': 0.37850377868952106, 'subsample': 0.6834358266276261, 'learning_rate': 0.040265248785876354, 'max_depth': 7, 'min_child_weight': 1, 'eval_metric': 'logloss'}. Best is trial 107 with value: 0.9773833333333334.
start listen on 10.110.42.71:43613
@tracker All of 1 nodes getting started
@tracker All nodes finishes job
start listen on 10.110.42.71:53217
@tracker All of 1 nodes getting started
@tracker All nodes finishes job
start listen on 10.110.42.71:49165
@tracker All of 1 nodes getting started
@tracker All nodes finishes job
start listen on 10.110.42.71:38973
@tracker All of 1 nodes getting started
@tracker All nodes finishes job
start listen on 10.110.42.71:47027
@tracker All of 1 nodes getting started
@tracker All nodes finishes job
Trial 111 finished with value: 0.9740166666666666 and parameters: {'tree_method': 'gpu_hist', 'lambda': 3.022919501215172, 'alpha': 1.731859808968523, 'colsample_bytree': 0.3727246599380023, 'subsample': 0.7599095385470345, 'learning_rate': 0.04404282711817594, 'max_depth': 5, 'min_child_weight': 25, 'eval_metric': 'logloss'}. Best is trial 107 with value: 0.9773833333333334.
start listen on 10.110.42.71:42815
@tracker All of 1 nodes getting started
@tracker All nodes finishes job
start listen on 10.110.42.71:58277
@tracker All of 1 nodes getting started
@tracker All nodes finishes job
start listen on 10.110.42.71:52409
@tracker All of 1 nodes getting started
@tracker All nodes finishes job
start listen on 10.110.42.71:40327
@tracker All of 1 nodes getting started
@tracker All nodes finishes job
start listen on 10.110.42.71:54893
@tracker All of 1 nodes getting started
@tracker All nodes finishes job
Trial 112 finished with value: 0.97125 and parameters: {'tree_method': 'gpu_hist', 'lambda': 5.309534205267387, 'alpha': 1.2476969535668188, 'colsample_bytree': 0.3179101165335556, 'subsample': 0.7225879361878547, 'learning_rate': 0.014574030664902404, 'max_depth': 7, 'min_child_weight': 12, 'eval_metric': 'logloss'}. Best is trial 107 with value: 0.9773833333333334.
start listen on 10.110.42.71:40381
@tracker All of 1 nodes getting started
@tracker All nodes finishes job
start listen on 10.110.42.71:38259
@tracker All of 1 nodes getting started
@tracker All nodes finishes job
start listen on 10.110.42.71:49305
@tracker All of 1 nodes getting started
@tracker All nodes finishes job
start listen on 10.110.42.71:46563
@tracker All of 1 nodes getting started
@tracker All nodes finishes job
start listen on 10.110.42.71:54783
@tracker All of 1 nodes getting started
@tracker All nodes finishes job
Trial 113 finished with value: 0.96935 and parameters: {'tree_method': 'gpu_hist', 'lambda': 0.0160654090799179, 'alpha': 3.2284918911384204, 'colsample_bytree': 0.34951368185353054, 'subsample': 0.6494321203818715, 'learning_rate': 0.029573973258509623, 'max_depth': 9, 'min_child_weight': 44, 'eval_metric': 'logloss'}. Best is trial 107 with value: 0.9773833333333334.
start listen on 10.110.42.71:38519
@tracker All of 1 nodes getting started
@tracker All nodes finishes job
start listen on 10.110.42.71:57179
@tracker All of 1 nodes getting started
@tracker All nodes finishes job
start listen on 10.110.42.71:37315
@tracker All of 1 nodes getting started
@tracker All nodes finishes job
start listen on 10.110.42.71:52267
@tracker All of 1 nodes getting started
@tracker All nodes finishes job
start listen on 10.110.42.71:35163
@tracker All of 1 nodes getting started
@tracker All nodes finishes job
Trial 114 finished with value: 0.9741166666666666 and parameters: {'tree_method': 'gpu_hist', 'lambda': 0.027939422614717758, 'alpha': 0.06331007738272042, 'colsample_bytree': 0.39959821914393945, 'subsample': 0.731854935235102, 'learning_rate': 0.05014537669256004, 'max_depth': 7, 'min_child_weight': 35, 'eval_metric': 'logloss'}. Best is trial 107 with value: 0.9773833333333334.
start listen on 10.110.42.71:49579
@tracker All of 1 nodes getting started
@tracker All nodes finishes job
start listen on 10.110.42.71:53189
@tracker All of 1 nodes getting started
@tracker All nodes finishes job
start listen on 10.110.42.71:60375
@tracker All of 1 nodes getting started
@tracker All nodes finishes job
start listen on 10.110.42.71:45021
@tracker All of 1 nodes getting started
@tracker All nodes finishes job
start listen on 10.110.42.71:59473
@tracker All of 1 nodes getting started
@tracker All nodes finishes job
Trial 115 finished with value: 0.9747833333333333 and parameters: {'tree_method': 'gpu_hist', 'lambda': 4.04396333365724, 'alpha': 2.324502612901662, 'colsample_bytree': 0.5723037652179658, 'subsample': 0.7084022449067323, 'learning_rate': 0.03859942770698964, 'max_depth': 11, 'min_child_weight': 21, 'eval_metric': 'logloss'}. Best is trial 107 with value: 0.9773833333333334.
start listen on 10.110.42.71:38845
@tracker All of 1 nodes getting started
@tracker All nodes finishes job
start listen on 10.110.42.71:47035
@tracker All of 1 nodes getting started
@tracker All nodes finishes job
start listen on 10.110.42.71:46923
@tracker All of 1 nodes getting started
@tracker All nodes finishes job
start listen on 10.110.42.71:36659
@tracker All of 1 nodes getting started
@tracker All nodes finishes job
start listen on 10.110.42.71:53937
@tracker All of 1 nodes getting started
@tracker All nodes finishes job
Trial 116 finished with value: 0.97685 and parameters: {'tree_method': 'gpu_hist', 'lambda': 2.1438992829816432, 'alpha': 0.7430409358247207, 'colsample_bytree': 0.323218854233387, 'subsample': 0.7699540131868051, 'learning_rate': 0.07394921345825813, 'max_depth': 7, 'min_child_weight': 15, 'eval_metric': 'logloss'}. Best is trial 107 with value: 0.9773833333333334.
start listen on 10.110.42.71:55473
@tracker All of 1 nodes getting started
@tracker All nodes finishes job
start listen on 10.110.42.71:43215
@tracker All of 1 nodes getting started
@tracker All nodes finishes job
start listen on 10.110.42.71:49305
@tracker All of 1 nodes getting started
@tracker All nodes finishes job
start listen on 10.110.42.71:39469
@tracker All of 1 nodes getting started
@tracker All nodes finishes job
start listen on 10.110.42.71:35901
@tracker All of 1 nodes getting started
@tracker All nodes finishes job
Trial 117 finished with value: 0.9773 and parameters: {'tree_method': 'gpu_hist', 'lambda': 2.185759523167301, 'alpha': 1.448886566123172, 'colsample_bytree': 0.332750243264886, 'subsample': 0.7461300932999748, 'learning_rate': 0.0752219320893322, 'max_depth': 7, 'min_child_weight': 6, 'eval_metric': 'logloss'}. Best is trial 107 with value: 0.9773833333333334.
start listen on 10.110.42.71:37747
@tracker All of 1 nodes getting started
@tracker All nodes finishes job
start listen on 10.110.42.71:48543
@tracker All of 1 nodes getting started
@tracker All nodes finishes job
start listen on 10.110.42.71:38067
@tracker All of 1 nodes getting started
@tracker All nodes finishes job
start listen on 10.110.42.71:45539
@tracker All of 1 nodes getting started
@tracker All nodes finishes job
start listen on 10.110.42.71:39907
@tracker All of 1 nodes getting started
@tracker All nodes finishes job
Trial 118 finished with value: 0.97755 and parameters: {'tree_method': 'gpu_hist', 'lambda': 2.2312057462113435, 'alpha': 0.7709254548624793, 'colsample_bytree': 0.3297300901993724, 'subsample': 0.7794617842029382, 'learning_rate': 0.07333291062385652, 'max_depth': 7, 'min_child_weight': 8, 'eval_metric': 'logloss'}. Best is trial 118 with value: 0.97755.
start listen on 10.110.42.71:54503
@tracker All of 1 nodes getting started
@tracker All nodes finishes job
start listen on 10.110.42.71:53075
@tracker All of 1 nodes getting started
@tracker All nodes finishes job
start listen on 10.110.42.71:53493
@tracker All of 1 nodes getting started
@tracker All nodes finishes job
start listen on 10.110.42.71:55311
@tracker All of 1 nodes getting started
@tracker All nodes finishes job
start listen on 10.110.42.71:41635
@tracker All of 1 nodes getting started
@tracker All nodes finishes job
Trial 119 finished with value: 0.9769166666666667 and parameters: {'tree_method': 'gpu_hist', 'lambda': 1.035747104143658, 'alpha': 0.7270301421336332, 'colsample_bytree': 0.3286574944515355, 'subsample': 0.7683922639606896, 'learning_rate': 0.07531471855852936, 'max_depth': 7, 'min_child_weight': 13, 'eval_metric': 'logloss'}. Best is trial 118 with value: 0.97755.
start listen on 10.110.42.71:49225
@tracker All of 1 nodes getting started
@tracker All nodes finishes job
start listen on 10.110.42.71:51127
@tracker All of 1 nodes getting started
@tracker All nodes finishes job
start listen on 10.110.42.71:40125
@tracker All of 1 nodes getting started
@tracker All nodes finishes job
start listen on 10.110.42.71:33437
@tracker All of 1 nodes getting started
@tracker All nodes finishes job
start listen on 10.110.42.71:58929
@tracker All of 1 nodes getting started
@tracker All nodes finishes job
Trial 120 finished with value: 0.9540666666666666 and parameters: {'tree_method': 'gpu_hist', 'lambda': 2.376013694128316, 'alpha': 0.7755796992357774, 'colsample_bytree': 0.3140544033797159, 'subsample': 0.8254708917406621, 'learning_rate': 0.07287157784976496, 'max_depth': 7, 'min_child_weight': 222, 'eval_metric': 'logloss'}. Best is trial 118 with value: 0.97755.
start listen on 10.110.42.71:47993
@tracker All of 1 nodes getting started
@tracker All nodes finishes job
start listen on 10.110.42.71:37599
@tracker All of 1 nodes getting started
@tracker All nodes finishes job
start listen on 10.110.42.71:46215
@tracker All of 1 nodes getting started
@tracker All nodes finishes job
start listen on 10.110.42.71:58087
@tracker All of 1 nodes getting started
@tracker All nodes finishes job
start listen on 10.110.42.71:60511
@tracker All of 1 nodes getting started
@tracker All nodes finishes job
