Trial 46 finished with value: 0.91095 and parameters: {'tree_method': 'gpu_hist', 'lambda': 0.8717869987614283, 'alpha': 0.0036841880149622863, 'colsample_bytree': 0.5607462299717448, 'subsample': 0.8695485434133218, 'learning_rate': 0.0755713022642854, 'max_depth': 7, 'min_child_weight': 3, 'eval_metric': 'logloss'}. Best is trial 46 with value: 0.91095.
start listen on 192.168.1.200:54899
@tracker All of 1 nodes getting started
@tracker All nodes finishes job
start listen on 192.168.1.200:44689
@tracker All of 1 nodes getting started
@tracker All nodes finishes job
start listen on 192.168.1.200:60115
@tracker All of 1 nodes getting started
@tracker All nodes finishes job
start listen on 192.168.1.200:36787
@tracker All of 1 nodes getting started
@tracker All nodes finishes job
start listen on 192.168.1.200:39789
@tracker All of 1 nodes getting started
@tracker All nodes finishes job
Trial 47 finished with value: 0.84495 and parameters: {'tree_method': 'gpu_hist', 'lambda': 0.8601238887278618, 'alpha': 0.006544392579040868, 'colsample_bytree': 0.3168199438673802, 'subsample': 0.8666255293578946, 'learning_rate': 0.0010075801029301216, 'max_depth': 5, 'min_child_weight': 1, 'eval_metric': 'logloss'}. Best is trial 46 with value: 0.91095.
start listen on 192.168.1.200:56265
@tracker All of 1 nodes getting started
@tracker All nodes finishes job
start listen on 192.168.1.200:58331
@tracker All of 1 nodes getting started
@tracker All nodes finishes job
start listen on 192.168.1.200:37293
@tracker All of 1 nodes getting started
@tracker All nodes finishes job
start listen on 192.168.1.200:44217
@tracker All of 1 nodes getting started
@tracker All nodes finishes job
start listen on 192.168.1.200:60999
@tracker All of 1 nodes getting started
@tracker All nodes finishes job
Trial 48 finished with value: 0.9059833333333334 and parameters: {'tree_method': 'gpu_hist', 'lambda': 2.7371526314658805, 'alpha': 0.003460566684537136, 'colsample_bytree': 0.5736576775250168, 'subsample': 0.8054684579355681, 'learning_rate': 0.07539875864586794, 'max_depth': 7, 'min_child_weight': 44, 'eval_metric': 'logloss'}. Best is trial 46 with value: 0.91095.
start listen on 192.168.1.200:60557
@tracker All of 1 nodes getting started
@tracker All nodes finishes job
start listen on 192.168.1.200:43621
@tracker All of 1 nodes getting started
@tracker All nodes finishes job
start listen on 192.168.1.200:53161
@tracker All of 1 nodes getting started
@tracker All nodes finishes job
start listen on 192.168.1.200:44173
@tracker All of 1 nodes getting started
@tracker All nodes finishes job
start listen on 192.168.1.200:47827
@tracker All of 1 nodes getting started
@tracker All nodes finishes job
Trial 49 finished with value: 0.8757 and parameters: {'tree_method': 'gpu_hist', 'lambda': 9.579981200809746, 'alpha': 0.025104987859638814, 'colsample_bytree': 0.6429598275392939, 'subsample': 0.9371184564291483, 'learning_rate': 0.005094828375838733, 'max_depth': 17, 'min_child_weight': 87, 'eval_metric': 'logloss'}. Best is trial 46 with value: 0.91095.
start listen on 192.168.1.200:54851
@tracker All of 1 nodes getting started
@tracker All nodes finishes job
start listen on 192.168.1.200:36501
@tracker All of 1 nodes getting started
@tracker All nodes finishes job
start listen on 192.168.1.200:55821
@tracker All of 1 nodes getting started
@tracker All nodes finishes job
start listen on 192.168.1.200:41725
@tracker All of 1 nodes getting started
@tracker All nodes finishes job
start listen on 192.168.1.200:47015
@tracker All of 1 nodes getting started
@tracker All nodes finishes job
Trial 50 finished with value: 0.9072 and parameters: {'tree_method': 'gpu_hist', 'lambda': 1.9859505954039158, 'alpha': 0.004697310378493087, 'colsample_bytree': 0.5381047599404598, 'subsample': 0.7464411266691686, 'learning_rate': 0.03247465957233857, 'max_depth': 13, 'min_child_weight': 11, 'eval_metric': 'logloss'}. Best is trial 46 with value: 0.91095.
start listen on 192.168.1.200:35897
@tracker All of 1 nodes getting started
@tracker All nodes finishes job
start listen on 192.168.1.200:57191
@tracker All of 1 nodes getting started
@tracker All nodes finishes job
start listen on 192.168.1.200:44451
@tracker All of 1 nodes getting started
@tracker All nodes finishes job
start listen on 192.168.1.200:35915
@tracker All of 1 nodes getting started
@tracker All nodes finishes job
start listen on 192.168.1.200:49937
@tracker All of 1 nodes getting started
@tracker All nodes finishes job
Trial 51 finished with value: 0.9104 and parameters: {'tree_method': 'gpu_hist', 'lambda': 5.427240861834663, 'alpha': 0.0014983013407271848, 'colsample_bytree': 0.48990480329393726, 'subsample': 0.8691982736480125, 'learning_rate': 0.07952960030319857, 'max_depth': 7, 'min_child_weight': 1, 'eval_metric': 'logloss'}. Best is trial 46 with value: 0.91095.
start listen on 192.168.1.200:37979
@tracker All of 1 nodes getting started
@tracker All nodes finishes job
start listen on 192.168.1.200:38723
@tracker All of 1 nodes getting started
@tracker All nodes finishes job
start listen on 192.168.1.200:39729
@tracker All of 1 nodes getting started
@tracker All nodes finishes job
start listen on 192.168.1.200:34237
@tracker All of 1 nodes getting started
@tracker All nodes finishes job
start listen on 192.168.1.200:49857
@tracker All of 1 nodes getting started
@tracker All nodes finishes job
Trial 52 finished with value: 0.9094833333333333 and parameters: {'tree_method': 'gpu_hist', 'lambda': 4.93015324945757, 'alpha': 0.0014820144955808114, 'colsample_bytree': 0.4644391586107274, 'subsample': 0.8845760545900662, 'learning_rate': 0.0436245900686064, 'max_depth': 7, 'min_child_weight': 5, 'eval_metric': 'logloss'}. Best is trial 46 with value: 0.91095.
start listen on 192.168.1.200:46073
@tracker All of 1 nodes getting started
@tracker All nodes finishes job
start listen on 192.168.1.200:32945
@tracker All of 1 nodes getting started
@tracker All nodes finishes job
start listen on 192.168.1.200:36369
@tracker All of 1 nodes getting started
@tracker All nodes finishes job
start listen on 192.168.1.200:35621
@tracker All of 1 nodes getting started
@tracker All nodes finishes job
start listen on 192.168.1.200:51187
@tracker All of 1 nodes getting started
@tracker All nodes finishes job
Trial 53 finished with value: 0.909 and parameters: {'tree_method': 'gpu_hist', 'lambda': 5.213398688638375, 'alpha': 0.0013819889736804189, 'colsample_bytree': 0.4801160259800949, 'subsample': 0.8821549261548172, 'learning_rate': 0.04674828965136733, 'max_depth': 7, 'min_child_weight': 5, 'eval_metric': 'logloss'}. Best is trial 46 with value: 0.91095.
start listen on 192.168.1.200:39099
@tracker All of 1 nodes getting started
@tracker All nodes finishes job
start listen on 192.168.1.200:36079
@tracker All of 1 nodes getting started
@tracker All nodes finishes job
start listen on 192.168.1.200:34801
@tracker All of 1 nodes getting started
@tracker All nodes finishes job
start listen on 192.168.1.200:38275
@tracker All of 1 nodes getting started
@tracker All nodes finishes job
start listen on 192.168.1.200:41423
@tracker All of 1 nodes getting started
@tracker All nodes finishes job
Trial 54 finished with value: 0.90705 and parameters: {'tree_method': 'gpu_hist', 'lambda': 1.0240626986558972, 'alpha': 0.0015913217249090947, 'colsample_bytree': 0.4551464109465675, 'subsample': 0.8467063164439833, 'learning_rate': 0.06349673727178509, 'max_depth': 7, 'min_child_weight': 33, 'eval_metric': 'logloss'}. Best is trial 46 with value: 0.91095.
start listen on 192.168.1.200:52313
@tracker All of 1 nodes getting started
@tracker All nodes finishes job
start listen on 192.168.1.200:57701
@tracker All of 1 nodes getting started
@tracker All nodes finishes job
start listen on 192.168.1.200:46453
@tracker All of 1 nodes getting started
@tracker All nodes finishes job
start listen on 192.168.1.200:48415
@tracker All of 1 nodes getting started
@tracker All nodes finishes job
start listen on 192.168.1.200:51723
@tracker All of 1 nodes getting started
@tracker All nodes finishes job
Trial 55 finished with value: 0.8995333333333333 and parameters: {'tree_method': 'gpu_hist', 'lambda': 5.679056296143077, 'alpha': 0.0010205154631465635, 'colsample_bytree': 0.5035681653711782, 'subsample': 0.9601804165439659, 'learning_rate': 0.021860745313825064, 'max_depth': 7, 'min_child_weight': 54, 'eval_metric': 'logloss'}. Best is trial 46 with value: 0.91095.
start listen on 192.168.1.200:56577
@tracker All of 1 nodes getting started
@tracker All nodes finishes job
start listen on 192.168.1.200:60849
@tracker All of 1 nodes getting started
@tracker All nodes finishes job
start listen on 192.168.1.200:56413
@tracker All of 1 nodes getting started
@tracker All nodes finishes job
start listen on 192.168.1.200:37137
@tracker All of 1 nodes getting started
@tracker All nodes finishes job
start listen on 192.168.1.200:37835
@tracker All of 1 nodes getting started
@tracker All nodes finishes job
Trial 56 finished with value: 0.908 and parameters: {'tree_method': 'gpu_hist', 'lambda': 3.4358867507961106, 'alpha': 1.8725897937510267, 'colsample_bytree': 0.39985405711628985, 'subsample': 0.9094002613529508, 'learning_rate': 0.05710390826322535, 'max_depth': 7, 'min_child_weight': 20, 'eval_metric': 'logloss'}. Best is trial 46 with value: 0.91095.
start listen on 192.168.1.200:40119
@tracker All of 1 nodes getting started
@tracker All nodes finishes job
start listen on 192.168.1.200:39315
@tracker All of 1 nodes getting started
@tracker All nodes finishes job
start listen on 192.168.1.200:52773
@tracker All of 1 nodes getting started
@tracker All nodes finishes job
start listen on 192.168.1.200:44051
@tracker All of 1 nodes getting started
@tracker All nodes finishes job
start listen on 192.168.1.200:46137
@tracker All of 1 nodes getting started
@tracker All nodes finishes job
Trial 57 finished with value: 0.9102166666666667 and parameters: {'tree_method': 'gpu_hist', 'lambda': 0.37529077201165445, 'alpha': 0.0031456257596193943, 'colsample_bytree': 0.5855219471524903, 'subsample': 0.8533794360999534, 'learning_rate': 0.08249090165407606, 'max_depth': 9, 'min_child_weight': 1, 'eval_metric': 'logloss'}. Best is trial 46 with value: 0.91095.
