A new study created in RDB with name: five_fold_optuna_xgb_0
Start optimization.
start listen on 192.168.1.200:33817
@tracker All of 1 nodes getting started
@tracker All nodes finishes job
start listen on 192.168.1.200:56513
@tracker All of 1 nodes getting started
@tracker All nodes finishes job
start listen on 192.168.1.200:41571
@tracker All of 1 nodes getting started
@tracker All nodes finishes job
start listen on 192.168.1.200:43349
@tracker All of 1 nodes getting started
@tracker All nodes finishes job
start listen on 192.168.1.200:47377
@tracker All of 1 nodes getting started
@tracker All nodes finishes job
Trial 0 finished with value: 0.8667166666666667 and parameters: {'tree_method': 'gpu_hist', 'lambda': 0.11066254228784372, 'alpha': 3.5661089668557953, 'colsample_bytree': 0.33699048774008183, 'subsample': 0.40089357480943455, 'learning_rate': 0.08094053740161382, 'max_depth': 17, 'min_child_weight': 289, 'eval_metric': 'logloss'}. Best is trial 0 with value: 0.8667166666666667.
start listen on 192.168.1.200:35603
@tracker All of 1 nodes getting started
@tracker All nodes finishes job
start listen on 192.168.1.200:56631
@tracker All of 1 nodes getting started
@tracker All nodes finishes job
start listen on 192.168.1.200:37217
@tracker All of 1 nodes getting started
@tracker All nodes finishes job
start listen on 192.168.1.200:50581
@tracker All of 1 nodes getting started
@tracker All nodes finishes job
start listen on 192.168.1.200:43463
@tracker All of 1 nodes getting started
@tracker All nodes finishes job
Trial 1 finished with value: 0.8857166666666667 and parameters: {'tree_method': 'gpu_hist', 'lambda': 0.004926263237024503, 'alpha': 0.003674822893957803, 'colsample_bytree': 0.47038723537435434, 'subsample': 0.7593162373432532, 'learning_rate': 0.08782406943129087, 'max_depth': 13, 'min_child_weight': 294, 'eval_metric': 'logloss'}. Best is trial 1 with value: 0.8857166666666667.
start listen on 192.168.1.200:38309
@tracker All of 1 nodes getting started
@tracker All nodes finishes job
start listen on 192.168.1.200:51077
@tracker All of 1 nodes getting started
@tracker All nodes finishes job
start listen on 192.168.1.200:56307
@tracker All of 1 nodes getting started
@tracker All nodes finishes job
start listen on 192.168.1.200:57659
@tracker All of 1 nodes getting started
@tracker All nodes finishes job
start listen on 192.168.1.200:45591
@tracker All of 1 nodes getting started
@tracker All nodes finishes job
Trial 2 finished with value: 0.8871 and parameters: {'tree_method': 'gpu_hist', 'lambda': 0.001125324438267574, 'alpha': 0.732165045818081, 'colsample_bytree': 0.9571750958347647, 'subsample': 0.9479767904629464, 'learning_rate': 0.04588018228123344, 'max_depth': 9, 'min_child_weight': 286, 'eval_metric': 'logloss'}. Best is trial 2 with value: 0.8871.
start listen on 192.168.1.200:40009
@tracker All of 1 nodes getting started
@tracker All nodes finishes job
start listen on 192.168.1.200:43263
@tracker All of 1 nodes getting started
@tracker All nodes finishes job
start listen on 192.168.1.200:47889
@tracker All of 1 nodes getting started
@tracker All nodes finishes job
start listen on 192.168.1.200:39723
@tracker All of 1 nodes getting started
@tracker All nodes finishes job
start listen on 192.168.1.200:56631
@tracker All of 1 nodes getting started
@tracker All nodes finishes job
Trial 3 finished with value: 0.88085 and parameters: {'tree_method': 'gpu_hist', 'lambda': 1.2062996197800522, 'alpha': 0.0973288349852296, 'colsample_bytree': 0.3574655810762906, 'subsample': 0.671189986120044, 'learning_rate': 0.004286254608126841, 'max_depth': 17, 'min_child_weight': 38, 'eval_metric': 'logloss'}. Best is trial 2 with value: 0.8871.
start listen on 192.168.1.200:47923
@tracker All of 1 nodes getting started
@tracker All nodes finishes job
start listen on 192.168.1.200:35353
@tracker All of 1 nodes getting started
@tracker All nodes finishes job
start listen on 192.168.1.200:47273
@tracker All of 1 nodes getting started
@tracker All nodes finishes job
start listen on 192.168.1.200:41717
@tracker All of 1 nodes getting started
@tracker All nodes finishes job
start listen on 192.168.1.200:39773
@tracker All of 1 nodes getting started
@tracker All nodes finishes job
Trial 4 finished with value: 0.8662 and parameters: {'tree_method': 'gpu_hist', 'lambda': 0.2026152717193832, 'alpha': 0.008396866327037893, 'colsample_bytree': 0.5737456229253942, 'subsample': 0.9326613747841973, 'learning_rate': 0.00619971453219185, 'max_depth': 9, 'min_child_weight': 205, 'eval_metric': 'logloss'}. Best is trial 2 with value: 0.8871.
start listen on 192.168.1.200:50999
@tracker All of 1 nodes getting started
@tracker All nodes finishes job
start listen on 192.168.1.200:59571
@tracker All of 1 nodes getting started
@tracker All nodes finishes job
start listen on 192.168.1.200:52521
@tracker All of 1 nodes getting started
@tracker All nodes finishes job
start listen on 192.168.1.200:41869
@tracker All of 1 nodes getting started
@tracker All nodes finishes job
start listen on 192.168.1.200:35365
@tracker All of 1 nodes getting started
@tracker All nodes finishes job
Trial 5 finished with value: 0.8785833333333334 and parameters: {'tree_method': 'gpu_hist', 'lambda': 0.10005725189846237, 'alpha': 0.4393009253918123, 'colsample_bytree': 0.9269727821685145, 'subsample': 0.9978717811207232, 'learning_rate': 0.00302380859122125, 'max_depth': 13, 'min_child_weight': 30, 'eval_metric': 'logloss'}. Best is trial 2 with value: 0.8871.
start listen on 192.168.1.200:33597
@tracker All of 1 nodes getting started
@tracker All nodes finishes job
start listen on 192.168.1.200:47175
@tracker All of 1 nodes getting started
@tracker All nodes finishes job
start listen on 192.168.1.200:36941
@tracker All of 1 nodes getting started
@tracker All nodes finishes job
start listen on 192.168.1.200:45419
@tracker All of 1 nodes getting started
@tracker All nodes finishes job
start listen on 192.168.1.200:48183
@tracker All of 1 nodes getting started
@tracker All nodes finishes job
Trial 6 finished with value: 0.9084833333333333 and parameters: {'tree_method': 'gpu_hist', 'lambda': 0.0020404130225519473, 'alpha': 0.058915246150915764, 'colsample_bytree': 0.9255057877338104, 'subsample': 0.530539669859351, 'learning_rate': 0.09726826777826092, 'max_depth': 11, 'min_child_weight': 3, 'eval_metric': 'logloss'}. Best is trial 6 with value: 0.9084833333333333.
start listen on 192.168.1.200:52435
@tracker All of 1 nodes getting started
@tracker All nodes finishes job
start listen on 192.168.1.200:47387
@tracker All of 1 nodes getting started
@tracker All nodes finishes job
start listen on 192.168.1.200:48727
@tracker All of 1 nodes getting started
@tracker All nodes finishes job
start listen on 192.168.1.200:36651
@tracker All of 1 nodes getting started
@tracker All nodes finishes job
start listen on 192.168.1.200:51589
@tracker All of 1 nodes getting started
@tracker All nodes finishes job
Trial 7 finished with value: 0.8878833333333334 and parameters: {'tree_method': 'gpu_hist', 'lambda': 0.0027322742445952974, 'alpha': 0.004996064063457087, 'colsample_bytree': 0.7724045419661776, 'subsample': 0.7215468549740307, 'learning_rate': 0.056463743227269526, 'max_depth': 13, 'min_child_weight': 229, 'eval_metric': 'logloss'}. Best is trial 6 with value: 0.9084833333333333.
start listen on 192.168.1.200:45425
@tracker All of 1 nodes getting started
@tracker All nodes finishes job
start listen on 192.168.1.200:50643
@tracker All of 1 nodes getting started
@tracker All nodes finishes job
start listen on 192.168.1.200:36729
@tracker All of 1 nodes getting started
@tracker All nodes finishes job
start listen on 192.168.1.200:47641
@tracker All of 1 nodes getting started
@tracker All nodes finishes job
start listen on 192.168.1.200:60873
@tracker All of 1 nodes getting started
@tracker All nodes finishes job
Trial 8 finished with value: 0.8740166666666667 and parameters: {'tree_method': 'gpu_hist', 'lambda': 0.0014430310274647627, 'alpha': 1.1929058775569477, 'colsample_bytree': 0.4613779197903519, 'subsample': 0.8036066588726452, 'learning_rate': 0.008741970561507838, 'max_depth': 11, 'min_child_weight': 173, 'eval_metric': 'logloss'}. Best is trial 6 with value: 0.9084833333333333.
start listen on 192.168.1.200:53673
@tracker All of 1 nodes getting started
@tracker All nodes finishes job
start listen on 192.168.1.200:41773
@tracker All of 1 nodes getting started
@tracker All nodes finishes job
start listen on 192.168.1.200:45869
@tracker All of 1 nodes getting started
@tracker All nodes finishes job
start listen on 192.168.1.200:44977
@tracker All of 1 nodes getting started
@tracker All nodes finishes job
start listen on 192.168.1.200:45829
@tracker All of 1 nodes getting started
@tracker All nodes finishes job
Trial 9 finished with value: 0.8999833333333334 and parameters: {'tree_method': 'gpu_hist', 'lambda': 0.001599212348763449, 'alpha': 4.063835162075031, 'colsample_bytree': 0.4455564910603634, 'subsample': 0.6816657331737463, 'learning_rate': 0.03952882235269836, 'max_depth': 13, 'min_child_weight': 78, 'eval_metric': 'logloss'}. Best is trial 6 with value: 0.9084833333333333.
start listen on 192.168.1.200:38223
@tracker All of 1 nodes getting started
@tracker All nodes finishes job
start listen on 192.168.1.200:51865
@tracker All of 1 nodes getting started
@tracker All nodes finishes job
start listen on 192.168.1.200:43623
@tracker All of 1 nodes getting started
@tracker All nodes finishes job
start listen on 192.168.1.200:48155
@tracker All of 1 nodes getting started
@tracker All nodes finishes job
start listen on 192.168.1.200:48959
@tracker All of 1 nodes getting started
@tracker All nodes finishes job
Trial 10 finished with value: 0.8008 and parameters: {'tree_method': 'gpu_hist', 'lambda': 0.014281713943070429, 'alpha': 0.06636071555401969, 'colsample_bytree': 0.757264229500718, 'subsample': 0.4712930956082511, 'learning_rate': 0.0014851474440959803, 'max_depth': 3, 'min_child_weight': 107, 'eval_metric': 'logloss'}. Best is trial 6 with value: 0.9084833333333333.
start listen on 192.168.1.200:39385
@tracker All of 1 nodes getting started
@tracker All nodes finishes job
start listen on 192.168.1.200:53767
@tracker All of 1 nodes getting started
@tracker All nodes finishes job
start listen on 192.168.1.200:47111
@tracker All of 1 nodes getting started
@tracker All nodes finishes job
start listen on 192.168.1.200:49535
@tracker All of 1 nodes getting started
@tracker All nodes finishes job
start listen on 192.168.1.200:45799
@tracker All of 1 nodes getting started
@tracker All nodes finishes job
Trial 11 finished with value: 0.8914666666666666 and parameters: {'tree_method': 'gpu_hist', 'lambda': 0.016951527752031438, 'alpha': 9.259881417023688, 'colsample_bytree': 0.6727679846832946, 'subsample': 0.5891362319604005, 'learning_rate': 0.027331923012778186, 'max_depth': 20, 'min_child_weight': 90, 'eval_metric': 'logloss'}. Best is trial 6 with value: 0.9084833333333333.
start listen on 192.168.1.200:53031
@tracker All of 1 nodes getting started
@tracker All nodes finishes job
start listen on 192.168.1.200:60457
@tracker All of 1 nodes getting started
@tracker All nodes finishes job
start listen on 192.168.1.200:52679
@tracker All of 1 nodes getting started
@tracker All nodes finishes job
start listen on 192.168.1.200:57509
@tracker All of 1 nodes getting started
@tracker All nodes finishes job
start listen on 192.168.1.200:56377
@tracker All of 1 nodes getting started
@tracker All nodes finishes job
Trial 12 finished with value: 0.9057333333333333 and parameters: {'tree_method': 'gpu_hist', 'lambda': 0.010385187061750675, 'alpha': 0.035347044626687904, 'colsample_bytree': 0.8350191010329084, 'subsample': 0.5735973980977219, 'learning_rate': 0.01828134362370032, 'max_depth': 11, 'min_child_weight': 2, 'eval_metric': 'logloss'}. Best is trial 6 with value: 0.9084833333333333.
start listen on 192.168.1.200:46843
@tracker All of 1 nodes getting started
@tracker All nodes finishes job
start listen on 192.168.1.200:50065
@tracker All of 1 nodes getting started
@tracker All nodes finishes job
start listen on 192.168.1.200:57015
@tracker All of 1 nodes getting started
@tracker All nodes finishes job
start listen on 192.168.1.200:50635
@tracker All of 1 nodes getting started
@tracker All nodes finishes job
start listen on 192.168.1.200:57475
@tracker All of 1 nodes getting started
@tracker All nodes finishes job
Trial 13 finished with value: 0.9048333333333334 and parameters: {'tree_method': 'gpu_hist', 'lambda': 0.01573074436379227, 'alpha': 0.0290303818464665, 'colsample_bytree': 0.855037198628094, 'subsample': 0.5488148869379356, 'learning_rate': 0.016077057325115874, 'max_depth': 11, 'min_child_weight': 2, 'eval_metric': 'logloss'}. Best is trial 6 with value: 0.9084833333333333.
start listen on 192.168.1.200:41213
@tracker All of 1 nodes getting started
@tracker All nodes finishes job
start listen on 192.168.1.200:44163
@tracker All of 1 nodes getting started
@tracker All nodes finishes job
start listen on 192.168.1.200:47077
@tracker All of 1 nodes getting started
@tracker All nodes finishes job
start listen on 192.168.1.200:50349
@tracker All of 1 nodes getting started
@tracker All nodes finishes job
start listen on 192.168.1.200:56513
@tracker All of 1 nodes getting started
@tracker All nodes finishes job
Trial 14 finished with value: 0.9063333333333333 and parameters: {'tree_method': 'gpu_hist', 'lambda': 0.007110117904124381, 'alpha': 0.021518611535045563, 'colsample_bytree': 0.8516016254901932, 'subsample': 0.5696374221077656, 'learning_rate': 0.018549232610839708, 'max_depth': 11, 'min_child_weight': 6, 'eval_metric': 'logloss'}. Best is trial 6 with value: 0.9084833333333333.
start listen on 192.168.1.200:42787
@tracker All of 1 nodes getting started
@tracker All nodes finishes job
start listen on 192.168.1.200:51193
@tracker All of 1 nodes getting started
@tracker All nodes finishes job
start listen on 192.168.1.200:60935
@tracker All of 1 nodes getting started
@tracker All nodes finishes job
start listen on 192.168.1.200:43833
@tracker All of 1 nodes getting started
@tracker All nodes finishes job
start listen on 192.168.1.200:39809
@tracker All of 1 nodes getting started
@tracker All nodes finishes job
Trial 15 finished with value: 0.8770166666666667 and parameters: {'tree_method': 'gpu_hist', 'lambda': 0.5899720300282584, 'alpha': 0.014999682624368424, 'colsample_bytree': 0.9989449354450617, 'subsample': 0.4856813452587038, 'learning_rate': 0.015793205066207357, 'max_depth': 5, 'min_child_weight': 136, 'eval_metric': 'logloss'}. Best is trial 6 with value: 0.9084833333333333.
start listen on 192.168.1.200:45039
@tracker All of 1 nodes getting started
@tracker All nodes finishes job
start listen on 192.168.1.200:56941
@tracker All of 1 nodes getting started
@tracker All nodes finishes job
start listen on 192.168.1.200:33215
@tracker All of 1 nodes getting started
@tracker All nodes finishes job
start listen on 192.168.1.200:37405
@tracker All of 1 nodes getting started
@tracker All nodes finishes job
start listen on 192.168.1.200:39269
@tracker All of 1 nodes getting started
@tracker All nodes finishes job
Trial 16 finished with value: 0.8992166666666667 and parameters: {'tree_method': 'gpu_hist', 'lambda': 6.624133080764633, 'alpha': 0.0017553763414046525, 'colsample_bytree': 0.8782603694168026, 'subsample': 0.6221939115642059, 'learning_rate': 0.027525693073476343, 'max_depth': 7, 'min_child_weight': 55, 'eval_metric': 'logloss'}. Best is trial 6 with value: 0.9084833333333333.
start listen on 192.168.1.200:37415
@tracker All of 1 nodes getting started
@tracker All nodes finishes job
start listen on 192.168.1.200:57027
@tracker All of 1 nodes getting started
@tracker All nodes finishes job
start listen on 192.168.1.200:52859
@tracker All of 1 nodes getting started
@tracker All nodes finishes job
start listen on 192.168.1.200:53033
@tracker All of 1 nodes getting started
@tracker All nodes finishes job
start listen on 192.168.1.200:42257
@tracker All of 1 nodes getting started
@tracker All nodes finishes job
Trial 17 finished with value: 0.8481333333333333 and parameters: {'tree_method': 'gpu_hist', 'lambda': 0.03835444529434436, 'alpha': 0.21562236953305355, 'colsample_bytree': 0.6864758294904946, 'subsample': 0.5028636236986549, 'learning_rate': 0.0016199394771947752, 'max_depth': 15, 'min_child_weight': 58, 'eval_metric': 'logloss'}. Best is trial 6 with value: 0.9084833333333333.
start listen on 192.168.1.200:49635
@tracker All of 1 nodes getting started
@tracker All nodes finishes job
start listen on 192.168.1.200:51925
@tracker All of 1 nodes getting started
@tracker All nodes finishes job
start listen on 192.168.1.200:48755
@tracker All of 1 nodes getting started
@tracker All nodes finishes job
start listen on 192.168.1.200:38613
@tracker All of 1 nodes getting started
@tracker All nodes finishes job
start listen on 192.168.1.200:60477
@tracker All of 1 nodes getting started
@tracker All nodes finishes job
Trial 18 finished with value: 0.87235 and parameters: {'tree_method': 'gpu_hist', 'lambda': 0.004395955996032812, 'alpha': 0.20864861443856048, 'colsample_bytree': 0.7545483385514797, 'subsample': 0.44238324132229356, 'learning_rate': 0.01037794673465232, 'max_depth': 11, 'min_child_weight': 124, 'eval_metric': 'logloss'}. Best is trial 6 with value: 0.9084833333333333.
start listen on 192.168.1.200:56321
@tracker All of 1 nodes getting started
@tracker All nodes finishes job
start listen on 192.168.1.200:52625
@tracker All of 1 nodes getting started
@tracker All nodes finishes job
start listen on 192.168.1.200:57593
@tracker All of 1 nodes getting started
@tracker All nodes finishes job
start listen on 192.168.1.200:55761
@tracker All of 1 nodes getting started
@tracker All nodes finishes job
start listen on 192.168.1.200:54505
@tracker All of 1 nodes getting started
@tracker All nodes finishes job
Trial 19 finished with value: 0.8410166666666666 and parameters: {'tree_method': 'gpu_hist', 'lambda': 0.03380881566670577, 'alpha': 0.0010434195459281296, 'colsample_bytree': 0.6162280903689746, 'subsample': 0.6335604783654065, 'learning_rate': 0.002778864256707095, 'max_depth': 11, 'min_child_weight': 165, 'eval_metric': 'logloss'}. Best is trial 6 with value: 0.9084833333333333.
start listen on 192.168.1.200:40001
@tracker All of 1 nodes getting started
@tracker All nodes finishes job
start listen on 192.168.1.200:60311
@tracker All of 1 nodes getting started
@tracker All nodes finishes job
start listen on 192.168.1.200:60081
@tracker All of 1 nodes getting started
@tracker All nodes finishes job
start listen on 192.168.1.200:34333
@tracker All of 1 nodes getting started
@tracker All nodes finishes job
start listen on 192.168.1.200:50673
@tracker All of 1 nodes getting started
@tracker All nodes finishes job
Trial 20 finished with value: 0.9076333333333333 and parameters: {'tree_method': 'gpu_hist', 'lambda': 0.005353411377524416, 'alpha': 0.01615020679784759, 'colsample_bytree': 0.9089377991214106, 'subsample': 0.8358495789433027, 'learning_rate': 0.09979900222577166, 'max_depth': 20, 'min_child_weight': 25, 'eval_metric': 'logloss'}. Best is trial 6 with value: 0.9084833333333333.
start listen on 192.168.1.200:42393
@tracker All of 1 nodes getting started
@tracker All nodes finishes job
start listen on 192.168.1.200:60091
@tracker All of 1 nodes getting started
@tracker All nodes finishes job
start listen on 192.168.1.200:59637
@tracker All of 1 nodes getting started
@tracker All nodes finishes job
start listen on 192.168.1.200:38937
@tracker All of 1 nodes getting started
@tracker All nodes finishes job
start listen on 192.168.1.200:45067
@tracker All of 1 nodes getting started
@tracker All nodes finishes job
Trial 21 finished with value: 0.9069333333333334 and parameters: {'tree_method': 'gpu_hist', 'lambda': 0.004979852797945477, 'alpha': 0.020460232026941284, 'colsample_bytree': 0.9116782431618947, 'subsample': 0.8237036486616102, 'learning_rate': 0.08770198792989785, 'max_depth': 20, 'min_child_weight': 26, 'eval_metric': 'logloss'}. Best is trial 6 with value: 0.9084833333333333.
start listen on 192.168.1.200:37685
@tracker All of 1 nodes getting started
@tracker All nodes finishes job
start listen on 192.168.1.200:51721
@tracker All of 1 nodes getting started
@tracker All nodes finishes job
start listen on 192.168.1.200:59497
@tracker All of 1 nodes getting started
@tracker All nodes finishes job
start listen on 192.168.1.200:49345
@tracker All of 1 nodes getting started
@tracker All nodes finishes job
start listen on 192.168.1.200:53971
@tracker All of 1 nodes getting started
@tracker All nodes finishes job
Trial 22 finished with value: 0.9064 and parameters: {'tree_method': 'gpu_hist', 'lambda': 0.0029720536424413333, 'alpha': 0.05198973308364026, 'colsample_bytree': 0.9233714594532081, 'subsample': 0.8412872353163943, 'learning_rate': 0.098590351136552, 'max_depth': 20, 'min_child_weight': 33, 'eval_metric': 'logloss'}. Best is trial 6 with value: 0.9084833333333333.
start listen on 192.168.1.200:51483
@tracker All of 1 nodes getting started
@tracker All nodes finishes job
start listen on 192.168.1.200:50817
@tracker All of 1 nodes getting started
@tracker All nodes finishes job
start listen on 192.168.1.200:55459
@tracker All of 1 nodes getting started
@tracker All nodes finishes job
start listen on 192.168.1.200:48483
@tracker All of 1 nodes getting started
@tracker All nodes finishes job
start listen on 192.168.1.200:47315
@tracker All of 1 nodes getting started
@tracker All nodes finishes job
