Trial 23 finished with value: 0.90395 and parameters: {'tree_method': 'gpu_hist', 'lambda': 0.0025330516947224577, 'alpha': 0.011088428528016891, 'colsample_bytree': 0.9884968165044159, 'subsample': 0.8618434938860359, 'learning_rate': 0.06234413478899539, 'max_depth': 20, 'min_child_weight': 64, 'eval_metric': 'logloss'}. Best is trial 6 with value: 0.9084833333333333.
start listen on 192.168.1.200:42803
@tracker All of 1 nodes getting started
@tracker All nodes finishes job
start listen on 192.168.1.200:54479
@tracker All of 1 nodes getting started
@tracker All nodes finishes job
start listen on 192.168.1.200:58587
@tracker All of 1 nodes getting started
@tracker All nodes finishes job
start listen on 192.168.1.200:52909
@tracker All of 1 nodes getting started
@tracker All nodes finishes job
start listen on 192.168.1.200:45679
@tracker All of 1 nodes getting started
@tracker All nodes finishes job
Trial 24 finished with value: 0.9063666666666667 and parameters: {'tree_method': 'gpu_hist', 'lambda': 0.038505297165664844, 'alpha': 0.1647047927223874, 'colsample_bytree': 0.9309831333188796, 'subsample': 0.7726178990985522, 'learning_rate': 0.03376765036275951, 'max_depth': 20, 'min_child_weight': 28, 'eval_metric': 'logloss'}. Best is trial 6 with value: 0.9084833333333333.
start listen on 192.168.1.200:49995
@tracker All of 1 nodes getting started
@tracker All nodes finishes job
start listen on 192.168.1.200:33133
@tracker All of 1 nodes getting started
@tracker All nodes finishes job
start listen on 192.168.1.200:57413
@tracker All of 1 nodes getting started
@tracker All nodes finishes job
start listen on 192.168.1.200:33711
@tracker All of 1 nodes getting started
@tracker All nodes finishes job
start listen on 192.168.1.200:38109
@tracker All of 1 nodes getting started
@tracker All nodes finishes job
Trial 25 finished with value: 0.9022833333333333 and parameters: {'tree_method': 'gpu_hist', 'lambda': 0.001008851979192176, 'alpha': 0.006086246980283581, 'colsample_bytree': 0.7904352891827651, 'subsample': 0.8737833934094994, 'learning_rate': 0.06335999950833175, 'max_depth': 20, 'min_child_weight': 90, 'eval_metric': 'logloss'}. Best is trial 6 with value: 0.9084833333333333.
start listen on 192.168.1.200:35997
@tracker All of 1 nodes getting started
@tracker All nodes finishes job
start listen on 192.168.1.200:58995
@tracker All of 1 nodes getting started
@tracker All nodes finishes job
start listen on 192.168.1.200:59001
@tracker All of 1 nodes getting started
@tracker All nodes finishes job
start listen on 192.168.1.200:57031
@tracker All of 1 nodes getting started
@tracker All nodes finishes job
start listen on 192.168.1.200:34669
@tracker All of 1 nodes getting started
@tracker All nodes finishes job
Trial 26 finished with value: 0.9088833333333334 and parameters: {'tree_method': 'gpu_hist', 'lambda': 0.005595903491483491, 'alpha': 0.0026141803941764174, 'colsample_bytree': 0.891655638706007, 'subsample': 0.9061496862902353, 'learning_rate': 0.09912032491586584, 'max_depth': 7, 'min_child_weight': 20, 'eval_metric': 'logloss'}. Best is trial 26 with value: 0.9088833333333334.
start listen on 192.168.1.200:35333
@tracker All of 1 nodes getting started
@tracker All nodes finishes job
start listen on 192.168.1.200:32845
@tracker All of 1 nodes getting started
@tracker All nodes finishes job
start listen on 192.168.1.200:35803
@tracker All of 1 nodes getting started
@tracker All nodes finishes job
start listen on 192.168.1.200:59779
@tracker All of 1 nodes getting started
@tracker All nodes finishes job
start listen on 192.168.1.200:60781
@tracker All of 1 nodes getting started
@tracker All nodes finishes job
Trial 27 finished with value: 0.9051 and parameters: {'tree_method': 'gpu_hist', 'lambda': 0.02601548033155278, 'alpha': 0.002682048510237891, 'colsample_bytree': 0.8195760711026612, 'subsample': 0.9341214390843889, 'learning_rate': 0.05100114846725259, 'max_depth': 7, 'min_child_weight': 47, 'eval_metric': 'logloss'}. Best is trial 26 with value: 0.9088833333333334.
start listen on 192.168.1.200:56257
@tracker All of 1 nodes getting started
@tracker All nodes finishes job
start listen on 192.168.1.200:49915
@tracker All of 1 nodes getting started
@tracker All nodes finishes job
start listen on 192.168.1.200:58977
@tracker All of 1 nodes getting started
@tracker All nodes finishes job
start listen on 192.168.1.200:33765
@tracker All of 1 nodes getting started
@tracker All nodes finishes job
start listen on 192.168.1.200:46643
@tracker All of 1 nodes getting started
@tracker All nodes finishes job
Trial 28 finished with value: 0.9027166666666666 and parameters: {'tree_method': 'gpu_hist', 'lambda': 0.0075841653791977786, 'alpha': 0.0011049506812340112, 'colsample_bytree': 0.8907455453120341, 'subsample': 0.9049714354915628, 'learning_rate': 0.06603556299880102, 'max_depth': 7, 'min_child_weight': 76, 'eval_metric': 'logloss'}. Best is trial 26 with value: 0.9088833333333334.
start listen on 192.168.1.200:60589
@tracker All of 1 nodes getting started
@tracker All nodes finishes job
start listen on 192.168.1.200:48909
@tracker All of 1 nodes getting started
@tracker All nodes finishes job
start listen on 192.168.1.200:35399
@tracker All of 1 nodes getting started
@tracker All nodes finishes job
start listen on 192.168.1.200:40741
@tracker All of 1 nodes getting started
@tracker All nodes finishes job
start listen on 192.168.1.200:51885
@tracker All of 1 nodes getting started
@tracker All nodes finishes job
Trial 29 finished with value: 0.9079 and parameters: {'tree_method': 'gpu_hist', 'lambda': 0.22628512205869553, 'alpha': 0.0024871999059746784, 'colsample_bytree': 0.7246947325580292, 'subsample': 0.9939734789536707, 'learning_rate': 0.09535172923415619, 'max_depth': 15, 'min_child_weight': 18, 'eval_metric': 'logloss'}. Best is trial 26 with value: 0.9088833333333334.
start listen on 192.168.1.200:48603
@tracker All of 1 nodes getting started
@tracker All nodes finishes job
start listen on 192.168.1.200:46649
@tracker All of 1 nodes getting started
@tracker All nodes finishes job
start listen on 192.168.1.200:43209
@tracker All of 1 nodes getting started
@tracker All nodes finishes job
start listen on 192.168.1.200:51437
@tracker All of 1 nodes getting started
@tracker All nodes finishes job
start listen on 192.168.1.200:60393
@tracker All of 1 nodes getting started
@tracker All nodes finishes job
Trial 30 finished with value: 0.8999166666666667 and parameters: {'tree_method': 'gpu_hist', 'lambda': 0.29029437558147064, 'alpha': 0.0023504328345439803, 'colsample_bytree': 0.7191041467886786, 'subsample': 0.9829306914762147, 'learning_rate': 0.03499175150435974, 'max_depth': 15, 'min_child_weight': 107, 'eval_metric': 'logloss'}. Best is trial 26 with value: 0.9088833333333334.
start listen on 192.168.1.200:34875
@tracker All of 1 nodes getting started
@tracker All nodes finishes job
start listen on 192.168.1.200:40439
@tracker All of 1 nodes getting started
@tracker All nodes finishes job
start listen on 192.168.1.200:58833
@tracker All of 1 nodes getting started
@tracker All nodes finishes job
start listen on 192.168.1.200:46395
@tracker All of 1 nodes getting started
@tracker All nodes finishes job
start listen on 192.168.1.200:40785
@tracker All of 1 nodes getting started
@tracker All nodes finishes job
Trial 31 finished with value: 0.90825 and parameters: {'tree_method': 'gpu_hist', 'lambda': 0.06360542889936442, 'alpha': 0.008245929314617885, 'colsample_bytree': 0.6119518535778811, 'subsample': 0.9648441050643431, 'learning_rate': 0.09774998300921234, 'max_depth': 15, 'min_child_weight': 14, 'eval_metric': 'logloss'}. Best is trial 26 with value: 0.9088833333333334.
start listen on 192.168.1.200:35257
@tracker All of 1 nodes getting started
@tracker All nodes finishes job
start listen on 192.168.1.200:43693
@tracker All of 1 nodes getting started
@tracker All nodes finishes job
start listen on 192.168.1.200:43269
@tracker All of 1 nodes getting started
@tracker All nodes finishes job
start listen on 192.168.1.200:57113
@tracker All of 1 nodes getting started
@tracker All nodes finishes job
start listen on 192.168.1.200:57607
@tracker All of 1 nodes getting started
@tracker All nodes finishes job
Trial 32 finished with value: 0.9077333333333333 and parameters: {'tree_method': 'gpu_hist', 'lambda': 0.0734001358707032, 'alpha': 0.003717244095651631, 'colsample_bytree': 0.6131934155646256, 'subsample': 0.9609225517141072, 'learning_rate': 0.06674068702929731, 'max_depth': 15, 'min_child_weight': 20, 'eval_metric': 'logloss'}. Best is trial 26 with value: 0.9088833333333334.
start listen on 192.168.1.200:48839
@tracker All of 1 nodes getting started
@tracker All nodes finishes job
start listen on 192.168.1.200:36265
@tracker All of 1 nodes getting started
@tracker All nodes finishes job
start listen on 192.168.1.200:37747
@tracker All of 1 nodes getting started
@tracker All nodes finishes job
start listen on 192.168.1.200:39437
@tracker All of 1 nodes getting started
@tracker All nodes finishes job
start listen on 192.168.1.200:53049
@tracker All of 1 nodes getting started
@tracker All nodes finishes job
Trial 33 finished with value: 0.9090333333333334 and parameters: {'tree_method': 'gpu_hist', 'lambda': 0.8777221216992557, 'alpha': 0.008480505341627495, 'colsample_bytree': 0.5548345963982277, 'subsample': 0.8962906692251233, 'learning_rate': 0.07481312176497036, 'max_depth': 15, 'min_child_weight': 13, 'eval_metric': 'logloss'}. Best is trial 33 with value: 0.9090333333333334.
start listen on 192.168.1.200:53611
@tracker All of 1 nodes getting started
@tracker All nodes finishes job
start listen on 192.168.1.200:41137
@tracker All of 1 nodes getting started
@tracker All nodes finishes job
start listen on 192.168.1.200:53681
@tracker All of 1 nodes getting started
@tracker All nodes finishes job
start listen on 192.168.1.200:57477
@tracker All of 1 nodes getting started
@tracker All nodes finishes job
start listen on 192.168.1.200:54339
@tracker All of 1 nodes getting started
@tracker All nodes finishes job
Trial 34 finished with value: 0.9061333333333333 and parameters: {'tree_method': 'gpu_hist', 'lambda': 2.6447089429801958, 'alpha': 0.006774808414709937, 'colsample_bytree': 0.5284867126720504, 'subsample': 0.8935359093447834, 'learning_rate': 0.07495110643800022, 'max_depth': 15, 'min_child_weight': 49, 'eval_metric': 'logloss'}. Best is trial 33 with value: 0.9090333333333334.
start listen on 192.168.1.200:55855
@tracker All of 1 nodes getting started
@tracker All nodes finishes job
start listen on 192.168.1.200:57251
@tracker All of 1 nodes getting started
@tracker All nodes finishes job
start listen on 192.168.1.200:53537
@tracker All of 1 nodes getting started
@tracker All nodes finishes job
start listen on 192.168.1.200:49993
@tracker All of 1 nodes getting started
@tracker All nodes finishes job
start listen on 192.168.1.200:59853
@tracker All of 1 nodes getting started
@tracker All nodes finishes job
Trial 35 finished with value: 0.8695833333333334 and parameters: {'tree_method': 'gpu_hist', 'lambda': 0.6110859207186577, 'alpha': 0.04326198493589827, 'colsample_bytree': 0.5244131963615871, 'subsample': 0.4017235760708226, 'learning_rate': 0.0492444039575973, 'max_depth': 17, 'min_child_weight': 253, 'eval_metric': 'logloss'}. Best is trial 33 with value: 0.9090333333333334.
start listen on 192.168.1.200:41265
@tracker All of 1 nodes getting started
@tracker All nodes finishes job
start listen on 192.168.1.200:48401
@tracker All of 1 nodes getting started
@tracker All nodes finishes job
start listen on 192.168.1.200:41027
@tracker All of 1 nodes getting started
@tracker All nodes finishes job
start listen on 192.168.1.200:55023
@tracker All of 1 nodes getting started
@tracker All nodes finishes job
start listen on 192.168.1.200:50091
@tracker All of 1 nodes getting started
@tracker All nodes finishes job
Trial 36 finished with value: 0.9090166666666667 and parameters: {'tree_method': 'gpu_hist', 'lambda': 1.7654014593372507, 'alpha': 0.011420774408941427, 'colsample_bytree': 0.5487088527136017, 'subsample': 0.722968796580801, 'learning_rate': 0.07860147748934529, 'max_depth': 5, 'min_child_weight': 11, 'eval_metric': 'logloss'}. Best is trial 33 with value: 0.9090333333333334.
start listen on 192.168.1.200:55983
@tracker All of 1 nodes getting started
@tracker All nodes finishes job
start listen on 192.168.1.200:36963
@tracker All of 1 nodes getting started
@tracker All nodes finishes job
start listen on 192.168.1.200:41091
@tracker All of 1 nodes getting started
@tracker All nodes finishes job
start listen on 192.168.1.200:58539
@tracker All of 1 nodes getting started
@tracker All nodes finishes job
start listen on 192.168.1.200:41697
@tracker All of 1 nodes getting started
@tracker All nodes finishes job
Trial 37 finished with value: 0.9022333333333333 and parameters: {'tree_method': 'gpu_hist', 'lambda': 2.4789029160608296, 'alpha': 0.09302540787702535, 'colsample_bytree': 0.365684139329565, 'subsample': 0.7292188652836753, 'learning_rate': 0.04317523741977904, 'max_depth': 5, 'min_child_weight': 42, 'eval_metric': 'logloss'}. Best is trial 33 with value: 0.9090333333333334.
start listen on 192.168.1.200:59709
@tracker All of 1 nodes getting started
@tracker All nodes finishes job
start listen on 192.168.1.200:50347
@tracker All of 1 nodes getting started
@tracker All nodes finishes job
start listen on 192.168.1.200:51529
@tracker All of 1 nodes getting started
@tracker All nodes finishes job
start listen on 192.168.1.200:38355
@tracker All of 1 nodes getting started
@tracker All nodes finishes job
start listen on 192.168.1.200:51329
@tracker All of 1 nodes getting started
@tracker All nodes finishes job
Trial 38 finished with value: 0.9026833333333333 and parameters: {'tree_method': 'gpu_hist', 'lambda': 7.9318173395192435, 'alpha': 0.004470515578588389, 'colsample_bytree': 0.5095714350675682, 'subsample': 0.7737974011086446, 'learning_rate': 0.07374580984537721, 'max_depth': 5, 'min_child_weight': 70, 'eval_metric': 'logloss'}. Best is trial 33 with value: 0.9090333333333334.
start listen on 192.168.1.200:45757
@tracker All of 1 nodes getting started
@tracker All nodes finishes job
start listen on 192.168.1.200:38441
@tracker All of 1 nodes getting started
@tracker All nodes finishes job
start listen on 192.168.1.200:54273
@tracker All of 1 nodes getting started
@tracker All nodes finishes job
start listen on 192.168.1.200:57723
@tracker All of 1 nodes getting started
@tracker All nodes finishes job
start listen on 192.168.1.200:59007
@tracker All of 1 nodes getting started
@tracker All nodes finishes job
Trial 39 finished with value: 0.8696833333333334 and parameters: {'tree_method': 'gpu_hist', 'lambda': 1.5151153640228097, 'alpha': 0.012901907747826269, 'colsample_bytree': 0.5646600558295147, 'subsample': 0.6480594264272648, 'learning_rate': 0.028203583523743924, 'max_depth': 3, 'min_child_weight': 276, 'eval_metric': 'logloss'}. Best is trial 33 with value: 0.9090333333333334.
start listen on 192.168.1.200:35641
@tracker All of 1 nodes getting started
@tracker All nodes finishes job
start listen on 192.168.1.200:58627
@tracker All of 1 nodes getting started
@tracker All nodes finishes job
start listen on 192.168.1.200:53211
@tracker All of 1 nodes getting started
@tracker All nodes finishes job
start listen on 192.168.1.200:33865
@tracker All of 1 nodes getting started
@tracker All nodes finishes job
start listen on 192.168.1.200:40449
@tracker All of 1 nodes getting started
@tracker All nodes finishes job
Trial 40 finished with value: 0.8898333333333334 and parameters: {'tree_method': 'gpu_hist', 'lambda': 0.4994967359962043, 'alpha': 0.009625018508112822, 'colsample_bytree': 0.38737188703290504, 'subsample': 0.7128351447169543, 'learning_rate': 0.05293739272171345, 'max_depth': 9, 'min_child_weight': 197, 'eval_metric': 'logloss'}. Best is trial 33 with value: 0.9090333333333334.
start listen on 192.168.1.200:39903
@tracker All of 1 nodes getting started
@tracker All nodes finishes job
start listen on 192.168.1.200:53803
@tracker All of 1 nodes getting started
@tracker All nodes finishes job
start listen on 192.168.1.200:50273
@tracker All of 1 nodes getting started
@tracker All nodes finishes job
start listen on 192.168.1.200:54715
@tracker All of 1 nodes getting started
@tracker All nodes finishes job
start listen on 192.168.1.200:50583
@tracker All of 1 nodes getting started
@tracker All nodes finishes job
Trial 41 finished with value: 0.9104166666666667 and parameters: {'tree_method': 'gpu_hist', 'lambda': 4.149355777946229, 'alpha': 0.007437095848602173, 'colsample_bytree': 0.5936499341100359, 'subsample': 0.9050748199651784, 'learning_rate': 0.07985218543589395, 'max_depth': 7, 'min_child_weight': 8, 'eval_metric': 'logloss'}. Best is trial 41 with value: 0.9104166666666667.
start listen on 192.168.1.200:47797
@tracker All of 1 nodes getting started
@tracker All nodes finishes job
start listen on 192.168.1.200:33945
@tracker All of 1 nodes getting started
@tracker All nodes finishes job
start listen on 192.168.1.200:35991
@tracker All of 1 nodes getting started
@tracker All nodes finishes job
start listen on 192.168.1.200:53741
@tracker All of 1 nodes getting started
@tracker All nodes finishes job
start listen on 192.168.1.200:59689
@tracker All of 1 nodes getting started
@tracker All nodes finishes job
Trial 42 finished with value: 0.9094333333333333 and parameters: {'tree_method': 'gpu_hist', 'lambda': 3.242647216721308, 'alpha': 0.0016866855968231671, 'colsample_bytree': 0.42850953238038775, 'subsample': 0.9247055203309544, 'learning_rate': 0.07789713800571407, 'max_depth': 7, 'min_child_weight': 12, 'eval_metric': 'logloss'}. Best is trial 41 with value: 0.9104166666666667.
start listen on 192.168.1.200:43339
@tracker All of 1 nodes getting started
@tracker All nodes finishes job
start listen on 192.168.1.200:35797
@tracker All of 1 nodes getting started
@tracker All nodes finishes job
start listen on 192.168.1.200:46861
@tracker All of 1 nodes getting started
@tracker All nodes finishes job
start listen on 192.168.1.200:56675
@tracker All of 1 nodes getting started
@tracker All nodes finishes job
start listen on 192.168.1.200:60059
@tracker All of 1 nodes getting started
@tracker All nodes finishes job
Trial 43 finished with value: 0.9075166666666666 and parameters: {'tree_method': 'gpu_hist', 'lambda': 3.884933627551895, 'alpha': 0.001964221851628145, 'colsample_bytree': 0.43019563076434103, 'subsample': 0.9094755270978672, 'learning_rate': 0.07852385863451035, 'max_depth': 7, 'min_child_weight': 33, 'eval_metric': 'logloss'}. Best is trial 41 with value: 0.9104166666666667.
start listen on 192.168.1.200:56989
@tracker All of 1 nodes getting started
@tracker All nodes finishes job
start listen on 192.168.1.200:53693
@tracker All of 1 nodes getting started
@tracker All nodes finishes job
start listen on 192.168.1.200:60221
@tracker All of 1 nodes getting started
@tracker All nodes finishes job
start listen on 192.168.1.200:49641
@tracker All of 1 nodes getting started
@tracker All nodes finishes job
start listen on 192.168.1.200:34797
@tracker All of 1 nodes getting started
@tracker All nodes finishes job
Trial 44 finished with value: 0.9079166666666667 and parameters: {'tree_method': 'gpu_hist', 'lambda': 1.348057003974306, 'alpha': 0.004131803267561724, 'colsample_bytree': 0.48542834135203966, 'subsample': 0.9287038336178539, 'learning_rate': 0.04050529553196025, 'max_depth': 7, 'min_child_weight': 13, 'eval_metric': 'logloss'}. Best is trial 41 with value: 0.9104166666666667.
start listen on 192.168.1.200:41231
@tracker All of 1 nodes getting started
@tracker All nodes finishes job
start listen on 192.168.1.200:48069
@tracker All of 1 nodes getting started
@tracker All nodes finishes job
start listen on 192.168.1.200:55713
@tracker All of 1 nodes getting started
@tracker All nodes finishes job
start listen on 192.168.1.200:48597
@tracker All of 1 nodes getting started
@tracker All nodes finishes job
start listen on 192.168.1.200:59689
@tracker All of 1 nodes getting started
@tracker All nodes finishes job
Trial 45 finished with value: 0.90575 and parameters: {'tree_method': 'gpu_hist', 'lambda': 4.311023492568444, 'alpha': 0.0014886336319843143, 'colsample_bytree': 0.4128722980269364, 'subsample': 0.7929172314314381, 'learning_rate': 0.05437425989342766, 'max_depth': 7, 'min_child_weight': 39, 'eval_metric': 'logloss'}. Best is trial 41 with value: 0.9104166666666667.
start listen on 192.168.1.200:41777
@tracker All of 1 nodes getting started
@tracker All nodes finishes job
start listen on 192.168.1.200:34655
@tracker All of 1 nodes getting started
@tracker All nodes finishes job
start listen on 192.168.1.200:59489
@tracker All of 1 nodes getting started
@tracker All nodes finishes job
start listen on 192.168.1.200:49569
@tracker All of 1 nodes getting started
@tracker All nodes finishes job
start listen on 192.168.1.200:40989
@tracker All of 1 nodes getting started
@tracker All nodes finishes job
